2022-09-12 18:56:41,681:INFO:PyCaret Supervised Module
2022-09-12 18:56:41,683:INFO:ML Usecase: regression
2022-09-12 18:56:41,683:INFO:version 2.3.10
2022-09-12 18:56:41,683:INFO:Initializing setup()
2022-09-12 18:56:41,683:INFO:setup(target=Price, ml_usecase=regression, available_plots={'parameter': 'Hyperparameters', 'residuals': 'Residuals', 'error': 'Prediction Error', 'cooks': 'Cooks Distance', 'rfe': 'Feature Selection', 'learning': 'Learning Curve', 'manifold': 'Manifold Learning', 'vc': 'Validation Curve', 'feature': 'Feature Importance', 'feature_all': 'Feature Importance (All)', 'tree': 'Decision Tree', 'residuals_interactive': 'Interactive Residuals'}, train_size=0.7, test_data=None, preprocess=True, imputation_type=simple, iterative_imputation_iters=5, categorical_features=None, categorical_imputation=constant, categorical_iterative_imputer=lightgbm, ordinal_features=None, high_cardinality_features=None, high_cardinality_method=frequency, numeric_features=None, numeric_imputation=mean, numeric_iterative_imputer=lightgbm, date_features=None, ignore_features=None, normalize=False, normalize_method=zscore, transformation=False, transformation_method=yeo-johnson, handle_unknown_categorical=True, unknown_categorical_method=least_frequent, pca=False, pca_method=linear, pca_components=None, ignore_low_variance=False, combine_rare_levels=False, rare_level_threshold=0.1, bin_numeric_features=None, remove_outliers=False, outliers_threshold=0.05, remove_multicollinearity=False, multicollinearity_threshold=0.9, remove_perfect_collinearity=True, create_clusters=False, cluster_iter=20, polynomial_features=False, polynomial_degree=2, trigonometry_features=False, polynomial_threshold=0.1, group_features=None, group_names=None, feature_selection=False, feature_selection_threshold=0.8, feature_selection_method=classic, feature_interaction=False, feature_ratio=False, interaction_threshold=0.01, fix_imbalance=False, fix_imbalance_method=None, transform_target=True, transform_target_method=box-cox, data_split_shuffle=True, data_split_stratify=False, fold_strategy=kfold, fold=10, fold_shuffle=False, fold_groups=None, n_jobs=-1, use_gpu=False, custom_pipeline=None, html=True, session_id=None, log_experiment=True, experiment_name=mlopszoomcamp_final, experiment_custom_tags=None, log_plots=False, log_profile=False, log_data=False, silent=False, verbose=True, profile=False, profile_kwargs=None, display=None)
2022-09-12 18:56:41,683:INFO:Checking environment
2022-09-12 18:56:41,683:INFO:python_version: 3.8.13
2022-09-12 18:56:41,683:INFO:python_build: ('default', 'Mar 28 2022 11:38:47')
2022-09-12 18:56:41,683:INFO:machine: x86_64
2022-09-12 18:56:41,683:INFO:platform: Linux-5.15.0-1011-aws-x86_64-with-glibc2.17
2022-09-12 18:56:41,684:INFO:Memory: svmem(total=16777932800, available=15067983872, percent=10.2, used=1368113152, free=7699296256, active=1682849792, inactive=6479134720, buffers=338690048, cached=7371833344, shared=892928, slab=771735552)
2022-09-12 18:56:41,684:INFO:Physical Core: 4
2022-09-12 18:56:41,685:INFO:Logical Core: 4
2022-09-12 18:56:41,685:INFO:Checking libraries
2022-09-12 18:56:41,685:INFO:pd==1.4.4
2022-09-12 18:56:41,685:INFO:numpy==1.19.5
2022-09-12 18:56:41,685:INFO:sklearn==0.23.2
2022-09-12 18:56:41,686:INFO:lightgbm==3.3.2
2022-09-12 18:56:41,774:INFO:catboost==1.0.6
2022-09-12 18:56:41,774:INFO:xgboost==1.6.2
2022-09-12 18:56:41,774:INFO:mlflow==1.28.0
2022-09-12 18:56:41,774:INFO:Checking Exceptions
2022-09-12 18:56:41,774:INFO:Declaring global variables
2022-09-12 18:56:41,774:INFO:USI: 3075
2022-09-12 18:56:41,774:INFO:pycaret_globals: {'_available_plots', 'imputation_classifier', '_internal_pipeline', 'y_train', 'USI', 'fix_imbalance_param', 'fold_shuffle_param', 'experiment__', '_gpu_n_jobs_param', 'gpu_param', 'fold_groups_param_full', 'display_container', 'create_model_container', 'imputation_regressor', 'y', 'X_test', 'n_jobs_param', 'X', 'log_plots_param', '_all_metrics', 'seed', 'dashboard_logger', 'prep_pipe', 'y_test', 'fold_generator', 'exp_name_log', '_all_models_internal', 'html_param', 'fold_groups_param', 'pycaret_globals', 'transform_target_method_param', 'fold_param', 'logging_param', 'target_param', 'iterative_imputation_iters_param', 'master_model_container', 'X_train', 'transform_target_param', '_all_models', 'stratify_param', 'fix_imbalance_method_param', '_ml_usecase', 'data_before_preprocess'}
2022-09-12 18:56:41,774:INFO:Preparing display monitor
2022-09-12 18:56:41,774:INFO:Preparing display monitor
2022-09-12 18:56:41,789:INFO:Importing libraries
2022-09-12 18:56:41,789:INFO:Copying data for preprocessing
2022-09-12 18:56:41,798:INFO:Declaring preprocessing parameters
2022-09-12 18:56:41,800:INFO:Creating preprocessing pipeline
2022-09-12 18:56:41,809:INFO:Preprocessing pipeline created successfully
2022-09-12 18:56:41,809:ERROR:(Process Exit): setup has been interupted with user command 'quit'. setup must rerun.
2022-09-12 18:56:41,809:INFO:Creating global containers
2022-09-12 18:56:41,810:INFO:Internal pipeline: Pipeline(memory=None, steps=[('empty_step', 'passthrough')], verbose=False)
2022-09-12 18:56:45,931:INFO:Creating grid variables
2022-09-12 18:56:45,948:INFO:Logging experiment in MLFlow
2022-09-12 18:56:46,039:INFO:SubProcess save_model() called ==================================
2022-09-12 18:56:46,050:INFO:Initializing save_model()
2022-09-12 18:56:46,051:INFO:save_model(model=Pipeline(memory=None,
         steps=[('dtypes',
                 DataTypes_Auto_infer(categorical_features=[],
                                      display_types=True, features_todrop=[],
                                      id_columns=[], ml_usecase='regression',
                                      numerical_features=[], target='Price',
                                      time_features=[])),
                ('imputer',
                 Simple_Imputer(categorical_strategy='not_available',
                                fill_value_categorical=None,
                                fill_value_numerical=None,
                                numeric_strategy='...
                ('scaling', 'passthrough'), ('P_transform', 'passthrough'),
                ('binn', 'passthrough'), ('rem_outliers', 'passthrough'),
                ('cluster_all', 'passthrough'),
                ('dummy', Dummify(target='Price')),
                ('fix_perfect', Remove_100(target='Price')),
                ('clean_names', Clean_Colum_Names()),
                ('feature_select', 'passthrough'), ('fix_multi', 'passthrough'),
                ('dfs', 'passthrough'), ('pca', 'passthrough')],
         verbose=False), model_name=Transformation Pipeline, prep_pipe_=Pipeline(memory=None,
         steps=[('dtypes',
                 DataTypes_Auto_infer(categorical_features=[],
                                      display_types=True, features_todrop=[],
                                      id_columns=[], ml_usecase='regression',
                                      numerical_features=[], target='Price',
                                      time_features=[])),
                ('imputer',
                 Simple_Imputer(categorical_strategy='not_available',
                                fill_value_categorical=None,
                                fill_value_numerical=None,
                                numeric_strategy='...
                ('scaling', 'passthrough'), ('P_transform', 'passthrough'),
                ('binn', 'passthrough'), ('rem_outliers', 'passthrough'),
                ('cluster_all', 'passthrough'),
                ('dummy', Dummify(target='Price')),
                ('fix_perfect', Remove_100(target='Price')),
                ('clean_names', Clean_Colum_Names()),
                ('feature_select', 'passthrough'), ('fix_multi', 'passthrough'),
                ('dfs', 'passthrough'), ('pca', 'passthrough')],
         verbose=False), verbose=False, kwargs={})
2022-09-12 18:56:46,051:INFO:Adding model into prep_pipe
2022-09-12 18:56:46,052:WARNING:Only Model saved as it was a pipeline.
2022-09-12 18:56:46,059:INFO:Transformation Pipeline.pkl saved in current working directory
2022-09-12 18:56:46,064:INFO:Pipeline(memory=None,
         steps=[('dtypes',
                 DataTypes_Auto_infer(categorical_features=[],
                                      display_types=True, features_todrop=[],
                                      id_columns=[], ml_usecase='regression',
                                      numerical_features=[], target='Price',
                                      time_features=[])),
                ('imputer',
                 Simple_Imputer(categorical_strategy='not_available',
                                fill_value_categorical=None,
                                fill_value_numerical=None,
                                numeric_strategy='...
                ('scaling', 'passthrough'), ('P_transform', 'passthrough'),
                ('binn', 'passthrough'), ('rem_outliers', 'passthrough'),
                ('cluster_all', 'passthrough'),
                ('dummy', Dummify(target='Price')),
                ('fix_perfect', Remove_100(target='Price')),
                ('clean_names', Clean_Colum_Names()),
                ('feature_select', 'passthrough'), ('fix_multi', 'passthrough'),
                ('dfs', 'passthrough'), ('pca', 'passthrough')],
         verbose=False)
2022-09-12 18:56:46,064:INFO:save_model() successfully completed......................................
2022-09-12 18:56:46,253:INFO:SubProcess save_model() end ==================================
2022-09-12 18:56:46,258:INFO:create_model_container: 0
2022-09-12 18:56:46,259:INFO:master_model_container: 0
2022-09-12 18:56:46,259:INFO:display_container: 1
2022-09-12 18:56:46,263:INFO:Pipeline(memory=None,
         steps=[('dtypes',
                 DataTypes_Auto_infer(categorical_features=[],
                                      display_types=True, features_todrop=[],
                                      id_columns=[], ml_usecase='regression',
                                      numerical_features=[], target='Price',
                                      time_features=[])),
                ('imputer',
                 Simple_Imputer(categorical_strategy='not_available',
                                fill_value_categorical=None,
                                fill_value_numerical=None,
                                numeric_strategy='...
                ('scaling', 'passthrough'), ('P_transform', 'passthrough'),
                ('binn', 'passthrough'), ('rem_outliers', 'passthrough'),
                ('cluster_all', 'passthrough'),
                ('dummy', Dummify(target='Price')),
                ('fix_perfect', Remove_100(target='Price')),
                ('clean_names', Clean_Colum_Names()),
                ('feature_select', 'passthrough'), ('fix_multi', 'passthrough'),
                ('dfs', 'passthrough'), ('pca', 'passthrough')],
         verbose=False)
2022-09-12 18:56:46,264:INFO:setup() succesfully completed......................................
2022-09-12 18:57:45,354:INFO:Initializing compare_models()
2022-09-12 18:57:45,356:INFO:compare_models(include=None, fold=None, round=4, cross_validation=True, sort=R2, n_select=1, budget_time=None, turbo=True, errors=ignore, fit_kwargs=None, groups=None, experiment_custom_tags=None, probability_threshold=None, verbose=True, display=None, exclude=None)
2022-09-12 18:57:45,356:INFO:Checking exceptions
2022-09-12 18:57:45,356:INFO:Preparing display monitor
2022-09-12 18:57:45,357:INFO:Preparing display monitor
2022-09-12 18:57:45,388:INFO:Initializing Linear Regression
2022-09-12 18:57:45,389:INFO:Total runtime is 9.894371032714844e-06 minutes
2022-09-12 18:57:45,399:INFO:SubProcess create_model() called ==================================
2022-09-12 18:57:45,399:INFO:Initializing create_model()
2022-09-12 18:57:45,399:INFO:create_model(estimator=lr, fold=KFold(n_splits=10, random_state=None, shuffle=False), round=4, cross_validation=True, predict=True, fit_kwargs={}, groups=None, refit=False, verbose=False, system=False, metrics=None, experiment_custom_tags=None, add_to_model_list=True, probability_threshold=None, display=<pycaret.internal.Display.Display object at 0x7efd37da6040>, return_train_score=False, kwargs={})
2022-09-12 18:57:45,399:INFO:Checking exceptions
2022-09-12 18:57:45,400:INFO:Importing libraries
2022-09-12 18:57:45,400:INFO:Copying training dataset
2022-09-12 18:57:45,401:INFO:Defining folds
2022-09-12 18:57:45,401:INFO:Declaring metric variables
2022-09-12 18:57:45,410:INFO:Importing untrained model
2022-09-12 18:57:45,419:INFO:Linear Regression Imported succesfully
2022-09-12 18:57:45,438:INFO:Starting cross validation
2022-09-12 18:57:45,442:INFO:Cross validating with KFold(n_splits=10, random_state=None, shuffle=False), n_jobs=-1
2022-09-12 18:57:48,017:INFO:Calculating mean and std
2022-09-12 18:57:48,019:INFO:Creating metrics dataframe
2022-09-12 18:57:48,026:INFO:Uploading results into container
2022-09-12 18:57:48,027:INFO:Uploading model into container now
2022-09-12 18:57:48,027:INFO:create_model_container: 1
2022-09-12 18:57:48,027:INFO:master_model_container: 1
2022-09-12 18:57:48,027:INFO:display_container: 2
2022-09-12 18:57:48,028:INFO:PowerTransformedTargetRegressor(copy_X=True, fit_intercept=True, n_jobs=-1,
                                normalize=False,
                                power_transformer_method='box-cox',
                                power_transformer_standardize=True,
                                regressor=LinearRegression(copy_X=True,
                                                           fit_intercept=True,
                                                           n_jobs=-1,
                                                           normalize=False))
2022-09-12 18:57:48,028:INFO:create_model() succesfully completed......................................
2022-09-12 18:57:48,216:INFO:SubProcess create_model() end ==================================
2022-09-12 18:57:48,216:INFO:Creating metrics dataframe
2022-09-12 18:57:48,228:INFO:Initializing Lasso Regression
2022-09-12 18:57:48,228:INFO:Total runtime is 0.047336900234222413 minutes
2022-09-12 18:57:48,238:INFO:SubProcess create_model() called ==================================
2022-09-12 18:57:48,238:INFO:Initializing create_model()
2022-09-12 18:57:48,238:INFO:create_model(estimator=lasso, fold=KFold(n_splits=10, random_state=None, shuffle=False), round=4, cross_validation=True, predict=True, fit_kwargs={}, groups=None, refit=False, verbose=False, system=False, metrics=None, experiment_custom_tags=None, add_to_model_list=True, probability_threshold=None, display=<pycaret.internal.Display.Display object at 0x7efd37da6040>, return_train_score=False, kwargs={})
2022-09-12 18:57:48,238:INFO:Checking exceptions
2022-09-12 18:57:48,239:INFO:Importing libraries
2022-09-12 18:57:48,239:INFO:Copying training dataset
2022-09-12 18:57:48,241:INFO:Defining folds
2022-09-12 18:57:48,241:INFO:Declaring metric variables
2022-09-12 18:57:48,249:INFO:Importing untrained model
2022-09-12 18:57:48,258:INFO:Lasso Regression Imported succesfully
2022-09-12 18:57:48,275:INFO:Starting cross validation
2022-09-12 18:57:48,276:INFO:Cross validating with KFold(n_splits=10, random_state=None, shuffle=False), n_jobs=-1
2022-09-12 18:57:48,353:INFO:Calculating mean and std
2022-09-12 18:57:48,355:INFO:Creating metrics dataframe
2022-09-12 18:57:48,360:INFO:Uploading results into container
2022-09-12 18:57:48,361:INFO:Uploading model into container now
2022-09-12 18:57:48,361:INFO:create_model_container: 2
2022-09-12 18:57:48,361:INFO:master_model_container: 2
2022-09-12 18:57:48,361:INFO:display_container: 2
2022-09-12 18:57:48,362:INFO:PowerTransformedTargetRegressor(alpha=1.0, copy_X=True, fit_intercept=True,
                                max_iter=1000, normalize=False, positive=False,
                                power_transformer_method='box-cox',
                                power_transformer_standardize=True,
                                precompute=False, random_state=8297,
                                regressor=Lasso(alpha=1.0, copy_X=True,
                                                fit_intercept=True,
                                                max_iter=1000, normalize=False,
                                                positive=False,
                                                precompute=False,
                                                random_state=8297,
                                                selection='cyclic', tol=0.0001,
                                                warm_start=False),
                                selection='cyclic', tol=0.0001,
                                warm_start=False)
2022-09-12 18:57:48,362:INFO:create_model() succesfully completed......................................
2022-09-12 18:57:48,525:INFO:SubProcess create_model() end ==================================
2022-09-12 18:57:48,525:INFO:Creating metrics dataframe
2022-09-12 18:57:48,538:INFO:Initializing Ridge Regression
2022-09-12 18:57:48,538:INFO:Total runtime is 0.052504412333170575 minutes
2022-09-12 18:57:48,548:INFO:SubProcess create_model() called ==================================
2022-09-12 18:57:48,548:INFO:Initializing create_model()
2022-09-12 18:57:48,548:INFO:create_model(estimator=ridge, fold=KFold(n_splits=10, random_state=None, shuffle=False), round=4, cross_validation=True, predict=True, fit_kwargs={}, groups=None, refit=False, verbose=False, system=False, metrics=None, experiment_custom_tags=None, add_to_model_list=True, probability_threshold=None, display=<pycaret.internal.Display.Display object at 0x7efd37da6040>, return_train_score=False, kwargs={})
2022-09-12 18:57:48,548:INFO:Checking exceptions
2022-09-12 18:57:48,549:INFO:Importing libraries
2022-09-12 18:57:48,549:INFO:Copying training dataset
2022-09-12 18:57:48,550:INFO:Defining folds
2022-09-12 18:57:48,550:INFO:Declaring metric variables
2022-09-12 18:57:48,558:INFO:Importing untrained model
2022-09-12 18:57:48,566:INFO:Ridge Regression Imported succesfully
2022-09-12 18:57:48,584:INFO:Starting cross validation
2022-09-12 18:57:48,585:INFO:Cross validating with KFold(n_splits=10, random_state=None, shuffle=False), n_jobs=-1
2022-09-12 18:57:48,660:INFO:Calculating mean and std
2022-09-12 18:57:48,661:INFO:Creating metrics dataframe
2022-09-12 18:57:48,667:INFO:Uploading results into container
2022-09-12 18:57:48,668:INFO:Uploading model into container now
2022-09-12 18:57:48,668:INFO:create_model_container: 3
2022-09-12 18:57:48,668:INFO:master_model_container: 3
2022-09-12 18:57:48,668:INFO:display_container: 2
2022-09-12 18:57:48,669:INFO:PowerTransformedTargetRegressor(alpha=1.0, copy_X=True, fit_intercept=True,
                                max_iter=None, normalize=False,
                                power_transformer_method='box-cox',
                                power_transformer_standardize=True,
                                random_state=8297,
                                regressor=Ridge(alpha=1.0, copy_X=True,
                                                fit_intercept=True,
                                                max_iter=None, normalize=False,
                                                random_state=8297,
                                                solver='auto', tol=0.001),
                                solver='auto', tol=0.001)
2022-09-12 18:57:48,669:INFO:create_model() succesfully completed......................................
2022-09-12 18:57:48,828:INFO:SubProcess create_model() end ==================================
2022-09-12 18:57:48,829:INFO:Creating metrics dataframe
2022-09-12 18:57:48,842:INFO:Initializing Elastic Net
2022-09-12 18:57:48,842:INFO:Total runtime is 0.05756821632385254 minutes
2022-09-12 18:57:48,851:INFO:SubProcess create_model() called ==================================
2022-09-12 18:57:48,852:INFO:Initializing create_model()
2022-09-12 18:57:48,852:INFO:create_model(estimator=en, fold=KFold(n_splits=10, random_state=None, shuffle=False), round=4, cross_validation=True, predict=True, fit_kwargs={}, groups=None, refit=False, verbose=False, system=False, metrics=None, experiment_custom_tags=None, add_to_model_list=True, probability_threshold=None, display=<pycaret.internal.Display.Display object at 0x7efd37da6040>, return_train_score=False, kwargs={})
2022-09-12 18:57:48,852:INFO:Checking exceptions
2022-09-12 18:57:48,852:INFO:Importing libraries
2022-09-12 18:57:48,852:INFO:Copying training dataset
2022-09-12 18:57:48,853:INFO:Defining folds
2022-09-12 18:57:48,853:INFO:Declaring metric variables
2022-09-12 18:57:48,861:INFO:Importing untrained model
2022-09-12 18:57:48,870:INFO:Elastic Net Imported succesfully
2022-09-12 18:57:48,887:INFO:Starting cross validation
2022-09-12 18:57:48,887:INFO:Cross validating with KFold(n_splits=10, random_state=None, shuffle=False), n_jobs=-1
2022-09-12 18:57:48,970:INFO:Calculating mean and std
2022-09-12 18:57:48,971:INFO:Creating metrics dataframe
2022-09-12 18:57:48,977:INFO:Uploading results into container
2022-09-12 18:57:48,977:INFO:Uploading model into container now
2022-09-12 18:57:48,977:INFO:create_model_container: 4
2022-09-12 18:57:48,977:INFO:master_model_container: 4
2022-09-12 18:57:48,977:INFO:display_container: 2
2022-09-12 18:57:48,978:INFO:PowerTransformedTargetRegressor(alpha=1.0, copy_X=True, fit_intercept=True,
                                l1_ratio=0.5, max_iter=1000, normalize=False,
                                positive=False,
                                power_transformer_method='box-cox',
                                power_transformer_standardize=True,
                                precompute=False, random_state=8297,
                                regressor=ElasticNet(alpha=1.0, copy_X=True,
                                                     fit_intercept=True,
                                                     l1_ratio=0.5,
                                                     max_iter=1000,
                                                     normalize=False,
                                                     positive=False,
                                                     precompute=False,
                                                     random_state=8297,
                                                     selection='cyclic',
                                                     tol=0.0001,
                                                     warm_start=False),
                                selection='cyclic', tol=0.0001,
                                warm_start=False)
2022-09-12 18:57:48,978:INFO:create_model() succesfully completed......................................
2022-09-12 18:57:49,147:INFO:SubProcess create_model() end ==================================
2022-09-12 18:57:49,147:INFO:Creating metrics dataframe
2022-09-12 18:57:49,161:INFO:Initializing Least Angle Regression
2022-09-12 18:57:49,162:INFO:Total runtime is 0.06288961569468181 minutes
2022-09-12 18:57:49,177:INFO:SubProcess create_model() called ==================================
2022-09-12 18:57:49,178:INFO:Initializing create_model()
2022-09-12 18:57:49,178:INFO:create_model(estimator=lar, fold=KFold(n_splits=10, random_state=None, shuffle=False), round=4, cross_validation=True, predict=True, fit_kwargs={}, groups=None, refit=False, verbose=False, system=False, metrics=None, experiment_custom_tags=None, add_to_model_list=True, probability_threshold=None, display=<pycaret.internal.Display.Display object at 0x7efd37da6040>, return_train_score=False, kwargs={})
2022-09-12 18:57:49,178:INFO:Checking exceptions
2022-09-12 18:57:49,178:INFO:Importing libraries
2022-09-12 18:57:49,178:INFO:Copying training dataset
2022-09-12 18:57:49,181:INFO:Defining folds
2022-09-12 18:57:49,181:INFO:Declaring metric variables
2022-09-12 18:57:49,190:INFO:Importing untrained model
2022-09-12 18:57:49,199:INFO:Least Angle Regression Imported succesfully
2022-09-12 18:57:49,216:INFO:Starting cross validation
2022-09-12 18:57:49,216:INFO:Cross validating with KFold(n_splits=10, random_state=None, shuffle=False), n_jobs=-1
2022-09-12 18:57:49,320:WARNING:create_model() for lar raised an exception or returned all 0.0, trying without fit_kwargs:
2022-09-12 18:57:49,324:WARNING:joblib.externals.loky.process_executor._RemoteTraceback: 
"""
Traceback (most recent call last):
  File "/home/ubuntu/anaconda3/envs/mlops/lib/python3.8/site-packages/joblib/externals/loky/process_executor.py", line 436, in _process_worker
    r = call_item()
  File "/home/ubuntu/anaconda3/envs/mlops/lib/python3.8/site-packages/joblib/externals/loky/process_executor.py", line 288, in __call__
    return self.fn(*self.args, **self.kwargs)
  File "/home/ubuntu/anaconda3/envs/mlops/lib/python3.8/site-packages/joblib/_parallel_backends.py", line 595, in __call__
    return self.func(*args, **kwargs)
  File "/home/ubuntu/anaconda3/envs/mlops/lib/python3.8/site-packages/joblib/parallel.py", line 262, in __call__
    return [func(*args, **kwargs)
  File "/home/ubuntu/anaconda3/envs/mlops/lib/python3.8/site-packages/joblib/parallel.py", line 262, in <listcomp>
    return [func(*args, **kwargs)
  File "/home/ubuntu/anaconda3/envs/mlops/lib/python3.8/site-packages/sklearn/model_selection/_validation.py", line 560, in _fit_and_score
    test_scores = _score(estimator, X_test, y_test, scorer)
  File "/home/ubuntu/anaconda3/envs/mlops/lib/python3.8/site-packages/sklearn/model_selection/_validation.py", line 607, in _score
    scores = scorer(estimator, X_test, y_test)
  File "/home/ubuntu/anaconda3/envs/mlops/lib/python3.8/site-packages/sklearn/metrics/_scorer.py", line 87, in __call__
    score = scorer._score(cached_call, estimator,
  File "/home/ubuntu/anaconda3/envs/mlops/lib/python3.8/site-packages/sklearn/metrics/_scorer.py", line 212, in _score
    return self._sign * self._score_func(y_true, y_pred,
  File "/home/ubuntu/anaconda3/envs/mlops/lib/python3.8/site-packages/sklearn/utils/validation.py", line 72, in inner_f
    return f(**kwargs)
  File "/home/ubuntu/anaconda3/envs/mlops/lib/python3.8/site-packages/sklearn/metrics/_regression.py", line 178, in mean_absolute_error
    y_type, y_true, y_pred, multioutput = _check_reg_targets(
  File "/home/ubuntu/anaconda3/envs/mlops/lib/python3.8/site-packages/sklearn/metrics/_regression.py", line 86, in _check_reg_targets
    y_pred = check_array(y_pred, ensure_2d=False, dtype=dtype)
  File "/home/ubuntu/anaconda3/envs/mlops/lib/python3.8/site-packages/sklearn/utils/validation.py", line 72, in inner_f
    return f(**kwargs)
  File "/home/ubuntu/anaconda3/envs/mlops/lib/python3.8/site-packages/sklearn/utils/validation.py", line 644, in check_array
    _assert_all_finite(array,
  File "/home/ubuntu/anaconda3/envs/mlops/lib/python3.8/site-packages/sklearn/utils/validation.py", line 96, in _assert_all_finite
    raise ValueError(
ValueError: Input contains NaN, infinity or a value too large for dtype('float64').
"""

The above exception was the direct cause of the following exception:

Traceback (most recent call last):
  File "/home/ubuntu/anaconda3/envs/mlops/lib/python3.8/site-packages/pycaret/internal/tabular.py", line 2203, in compare_models
    model, model_fit_time = create_model_supervised(**create_model_args)
  File "/home/ubuntu/anaconda3/envs/mlops/lib/python3.8/site-packages/pycaret/internal/tabular.py", line 3200, in create_model_supervised
    scores = cross_validate(
  File "/home/ubuntu/anaconda3/envs/mlops/lib/python3.8/site-packages/sklearn/utils/validation.py", line 72, in inner_f
    return f(**kwargs)
  File "/home/ubuntu/anaconda3/envs/mlops/lib/python3.8/site-packages/sklearn/model_selection/_validation.py", line 242, in cross_validate
    scores = parallel(
  File "/home/ubuntu/anaconda3/envs/mlops/lib/python3.8/site-packages/joblib/parallel.py", line 1056, in __call__
    self.retrieve()
  File "/home/ubuntu/anaconda3/envs/mlops/lib/python3.8/site-packages/joblib/parallel.py", line 935, in retrieve
    self._output.extend(job.get(timeout=self.timeout))
  File "/home/ubuntu/anaconda3/envs/mlops/lib/python3.8/site-packages/joblib/_parallel_backends.py", line 542, in wrap_future_result
    return future.result(timeout=timeout)
  File "/home/ubuntu/anaconda3/envs/mlops/lib/python3.8/concurrent/futures/_base.py", line 444, in result
    return self.__get_result()
  File "/home/ubuntu/anaconda3/envs/mlops/lib/python3.8/concurrent/futures/_base.py", line 389, in __get_result
    raise self._exception
ValueError: Input contains NaN, infinity or a value too large for dtype('float64').

2022-09-12 18:57:49,324:INFO:Initializing create_model()
2022-09-12 18:57:49,324:INFO:create_model(estimator=lar, fold=KFold(n_splits=10, random_state=None, shuffle=False), round=4, cross_validation=True, predict=True, fit_kwargs={}, groups=None, refit=False, verbose=False, system=False, metrics=None, experiment_custom_tags=None, add_to_model_list=True, probability_threshold=None, display=<pycaret.internal.Display.Display object at 0x7efd37da6040>, return_train_score=False, kwargs={})
2022-09-12 18:57:49,324:INFO:Checking exceptions
2022-09-12 18:57:49,324:INFO:Importing libraries
2022-09-12 18:57:49,324:INFO:Copying training dataset
2022-09-12 18:57:49,326:INFO:Defining folds
2022-09-12 18:57:49,326:INFO:Declaring metric variables
2022-09-12 18:57:49,336:INFO:Importing untrained model
2022-09-12 18:57:49,344:INFO:Least Angle Regression Imported succesfully
2022-09-12 18:57:49,362:INFO:Starting cross validation
2022-09-12 18:57:49,362:INFO:Cross validating with KFold(n_splits=10, random_state=None, shuffle=False), n_jobs=-1
2022-09-12 18:57:51,858:ERROR:create_model() for lar raised an exception or returned all 0.0:
2022-09-12 18:57:51,858:ERROR:joblib.externals.loky.process_executor._RemoteTraceback: 
"""
Traceback (most recent call last):
  File "/home/ubuntu/anaconda3/envs/mlops/lib/python3.8/site-packages/joblib/externals/loky/process_executor.py", line 436, in _process_worker
    r = call_item()
  File "/home/ubuntu/anaconda3/envs/mlops/lib/python3.8/site-packages/joblib/externals/loky/process_executor.py", line 288, in __call__
    return self.fn(*self.args, **self.kwargs)
  File "/home/ubuntu/anaconda3/envs/mlops/lib/python3.8/site-packages/joblib/_parallel_backends.py", line 595, in __call__
    return self.func(*args, **kwargs)
  File "/home/ubuntu/anaconda3/envs/mlops/lib/python3.8/site-packages/joblib/parallel.py", line 262, in __call__
    return [func(*args, **kwargs)
  File "/home/ubuntu/anaconda3/envs/mlops/lib/python3.8/site-packages/joblib/parallel.py", line 262, in <listcomp>
    return [func(*args, **kwargs)
  File "/home/ubuntu/anaconda3/envs/mlops/lib/python3.8/site-packages/sklearn/model_selection/_validation.py", line 560, in _fit_and_score
    test_scores = _score(estimator, X_test, y_test, scorer)
  File "/home/ubuntu/anaconda3/envs/mlops/lib/python3.8/site-packages/sklearn/model_selection/_validation.py", line 607, in _score
    scores = scorer(estimator, X_test, y_test)
  File "/home/ubuntu/anaconda3/envs/mlops/lib/python3.8/site-packages/sklearn/metrics/_scorer.py", line 87, in __call__
    score = scorer._score(cached_call, estimator,
  File "/home/ubuntu/anaconda3/envs/mlops/lib/python3.8/site-packages/sklearn/metrics/_scorer.py", line 212, in _score
    return self._sign * self._score_func(y_true, y_pred,
  File "/home/ubuntu/anaconda3/envs/mlops/lib/python3.8/site-packages/sklearn/utils/validation.py", line 72, in inner_f
    return f(**kwargs)
  File "/home/ubuntu/anaconda3/envs/mlops/lib/python3.8/site-packages/sklearn/metrics/_regression.py", line 178, in mean_absolute_error
    y_type, y_true, y_pred, multioutput = _check_reg_targets(
  File "/home/ubuntu/anaconda3/envs/mlops/lib/python3.8/site-packages/sklearn/metrics/_regression.py", line 86, in _check_reg_targets
    y_pred = check_array(y_pred, ensure_2d=False, dtype=dtype)
  File "/home/ubuntu/anaconda3/envs/mlops/lib/python3.8/site-packages/sklearn/utils/validation.py", line 72, in inner_f
    return f(**kwargs)
  File "/home/ubuntu/anaconda3/envs/mlops/lib/python3.8/site-packages/sklearn/utils/validation.py", line 644, in check_array
    _assert_all_finite(array,
  File "/home/ubuntu/anaconda3/envs/mlops/lib/python3.8/site-packages/sklearn/utils/validation.py", line 96, in _assert_all_finite
    raise ValueError(
ValueError: Input contains NaN, infinity or a value too large for dtype('float64').
"""

The above exception was the direct cause of the following exception:

Traceback (most recent call last):
  File "/home/ubuntu/anaconda3/envs/mlops/lib/python3.8/site-packages/pycaret/internal/tabular.py", line 2212, in compare_models
    model, model_fit_time = create_model_supervised(**create_model_args)
  File "/home/ubuntu/anaconda3/envs/mlops/lib/python3.8/site-packages/pycaret/internal/tabular.py", line 3200, in create_model_supervised
    scores = cross_validate(
  File "/home/ubuntu/anaconda3/envs/mlops/lib/python3.8/site-packages/sklearn/utils/validation.py", line 72, in inner_f
    return f(**kwargs)
  File "/home/ubuntu/anaconda3/envs/mlops/lib/python3.8/site-packages/sklearn/model_selection/_validation.py", line 242, in cross_validate
    scores = parallel(
  File "/home/ubuntu/anaconda3/envs/mlops/lib/python3.8/site-packages/joblib/parallel.py", line 1056, in __call__
    self.retrieve()
  File "/home/ubuntu/anaconda3/envs/mlops/lib/python3.8/site-packages/joblib/parallel.py", line 935, in retrieve
    self._output.extend(job.get(timeout=self.timeout))
  File "/home/ubuntu/anaconda3/envs/mlops/lib/python3.8/site-packages/joblib/_parallel_backends.py", line 542, in wrap_future_result
    return future.result(timeout=timeout)
  File "/home/ubuntu/anaconda3/envs/mlops/lib/python3.8/concurrent/futures/_base.py", line 444, in result
    return self.__get_result()
  File "/home/ubuntu/anaconda3/envs/mlops/lib/python3.8/concurrent/futures/_base.py", line 389, in __get_result
    raise self._exception
ValueError: Input contains NaN, infinity or a value too large for dtype('float64').

2022-09-12 18:57:51,858:INFO:Initializing Lasso Least Angle Regression
2022-09-12 18:57:51,859:INFO:Total runtime is 0.10783938566843669 minutes
2022-09-12 18:57:51,870:INFO:SubProcess create_model() called ==================================
2022-09-12 18:57:51,871:INFO:Initializing create_model()
2022-09-12 18:57:51,871:INFO:create_model(estimator=llar, fold=KFold(n_splits=10, random_state=None, shuffle=False), round=4, cross_validation=True, predict=True, fit_kwargs={}, groups=None, refit=False, verbose=False, system=False, metrics=None, experiment_custom_tags=None, add_to_model_list=True, probability_threshold=None, display=<pycaret.internal.Display.Display object at 0x7efd37da6040>, return_train_score=False, kwargs={})
2022-09-12 18:57:51,871:INFO:Checking exceptions
2022-09-12 18:57:51,871:INFO:Importing libraries
2022-09-12 18:57:51,872:INFO:Copying training dataset
2022-09-12 18:57:51,873:INFO:Defining folds
2022-09-12 18:57:51,874:INFO:Declaring metric variables
2022-09-12 18:57:51,883:INFO:Importing untrained model
2022-09-12 18:57:51,891:INFO:Lasso Least Angle Regression Imported succesfully
2022-09-12 18:57:51,909:INFO:Starting cross validation
2022-09-12 18:57:51,910:INFO:Cross validating with KFold(n_splits=10, random_state=None, shuffle=False), n_jobs=-1
2022-09-12 18:57:54,210:INFO:Calculating mean and std
2022-09-12 18:57:54,211:INFO:Creating metrics dataframe
2022-09-12 18:57:54,218:INFO:Uploading results into container
2022-09-12 18:57:54,219:INFO:Uploading model into container now
2022-09-12 18:57:54,219:INFO:create_model_container: 5
2022-09-12 18:57:54,219:INFO:master_model_container: 5
2022-09-12 18:57:54,219:INFO:display_container: 2
2022-09-12 18:57:54,220:INFO:PowerTransformedTargetRegressor(alpha=1.0, copy_X=True,
                                eps=2.220446049250313e-16, fit_intercept=True,
                                fit_path=True, jitter=None, max_iter=500,
                                normalize=True, positive=False,
                                power_transformer_method='box-cox',
                                power_transformer_standardize=True,
                                precompute='auto', random_state=8297,
                                regressor=LassoLars(alpha=1.0, copy_X=True,
                                                    eps=2.220446049250313e-16,
                                                    fit_intercept=True,
                                                    fit_path=True, jitter=None,
                                                    max_iter=500,
                                                    normalize=True,
                                                    positive=False,
                                                    precompute='auto',
                                                    random_state=8297,
                                                    verbose=False),
                                verbose=False)
2022-09-12 18:57:54,220:INFO:create_model() succesfully completed......................................
2022-09-12 18:57:54,408:INFO:SubProcess create_model() end ==================================
2022-09-12 18:57:54,408:INFO:Creating metrics dataframe
2022-09-12 18:57:54,423:INFO:Initializing Orthogonal Matching Pursuit
2022-09-12 18:57:54,423:INFO:Total runtime is 0.1505810260772705 minutes
2022-09-12 18:57:54,432:INFO:SubProcess create_model() called ==================================
2022-09-12 18:57:54,433:INFO:Initializing create_model()
2022-09-12 18:57:54,433:INFO:create_model(estimator=omp, fold=KFold(n_splits=10, random_state=None, shuffle=False), round=4, cross_validation=True, predict=True, fit_kwargs={}, groups=None, refit=False, verbose=False, system=False, metrics=None, experiment_custom_tags=None, add_to_model_list=True, probability_threshold=None, display=<pycaret.internal.Display.Display object at 0x7efd37da6040>, return_train_score=False, kwargs={})
2022-09-12 18:57:54,433:INFO:Checking exceptions
2022-09-12 18:57:54,433:INFO:Importing libraries
2022-09-12 18:57:54,433:INFO:Copying training dataset
2022-09-12 18:57:54,435:INFO:Defining folds
2022-09-12 18:57:54,436:INFO:Declaring metric variables
2022-09-12 18:57:54,444:INFO:Importing untrained model
2022-09-12 18:57:54,453:INFO:Orthogonal Matching Pursuit Imported succesfully
2022-09-12 18:57:54,470:INFO:Starting cross validation
2022-09-12 18:57:54,471:INFO:Cross validating with KFold(n_splits=10, random_state=None, shuffle=False), n_jobs=-1
2022-09-12 18:57:54,545:INFO:Calculating mean and std
2022-09-12 18:57:54,546:INFO:Creating metrics dataframe
2022-09-12 18:57:54,552:INFO:Uploading results into container
2022-09-12 18:57:54,552:INFO:Uploading model into container now
2022-09-12 18:57:54,552:INFO:create_model_container: 6
2022-09-12 18:57:54,553:INFO:master_model_container: 6
2022-09-12 18:57:54,553:INFO:display_container: 2
2022-09-12 18:57:54,554:INFO:PowerTransformedTargetRegressor(fit_intercept=True, n_nonzero_coefs=None,
                                normalize=True,
                                power_transformer_method='box-cox',
                                power_transformer_standardize=True,
                                precompute='auto',
                                regressor=OrthogonalMatchingPursuit(fit_intercept=True,
                                                                    n_nonzero_coefs=None,
                                                                    normalize=True,
                                                                    precompute='auto',
                                                                    tol=None),
                                tol=None)
2022-09-12 18:57:54,554:INFO:create_model() succesfully completed......................................
2022-09-12 18:57:54,714:INFO:SubProcess create_model() end ==================================
2022-09-12 18:57:54,714:INFO:Creating metrics dataframe
2022-09-12 18:57:54,728:INFO:Initializing Bayesian Ridge
2022-09-12 18:57:54,729:INFO:Total runtime is 0.1556765874226888 minutes
2022-09-12 18:57:54,739:INFO:SubProcess create_model() called ==================================
2022-09-12 18:57:54,740:INFO:Initializing create_model()
2022-09-12 18:57:54,740:INFO:create_model(estimator=br, fold=KFold(n_splits=10, random_state=None, shuffle=False), round=4, cross_validation=True, predict=True, fit_kwargs={}, groups=None, refit=False, verbose=False, system=False, metrics=None, experiment_custom_tags=None, add_to_model_list=True, probability_threshold=None, display=<pycaret.internal.Display.Display object at 0x7efd37da6040>, return_train_score=False, kwargs={})
2022-09-12 18:57:54,740:INFO:Checking exceptions
2022-09-12 18:57:54,740:INFO:Importing libraries
2022-09-12 18:57:54,740:INFO:Copying training dataset
2022-09-12 18:57:54,741:INFO:Defining folds
2022-09-12 18:57:54,742:INFO:Declaring metric variables
2022-09-12 18:57:54,750:INFO:Importing untrained model
2022-09-12 18:57:54,759:INFO:Bayesian Ridge Imported succesfully
2022-09-12 18:57:54,776:INFO:Starting cross validation
2022-09-12 18:57:54,777:INFO:Cross validating with KFold(n_splits=10, random_state=None, shuffle=False), n_jobs=-1
2022-09-12 18:57:54,868:INFO:Calculating mean and std
2022-09-12 18:57:54,869:INFO:Creating metrics dataframe
2022-09-12 18:57:54,875:INFO:Uploading results into container
2022-09-12 18:57:54,875:INFO:Uploading model into container now
2022-09-12 18:57:54,875:INFO:create_model_container: 7
2022-09-12 18:57:54,875:INFO:master_model_container: 7
2022-09-12 18:57:54,875:INFO:display_container: 2
2022-09-12 18:57:54,877:INFO:PowerTransformedTargetRegressor(alpha_1=1e-06, alpha_2=1e-06, alpha_init=None,
                                compute_score=False, copy_X=True,
                                fit_intercept=True, lambda_1=1e-06,
                                lambda_2=1e-06, lambda_init=None, n_iter=300,
                                normalize=False,
                                power_transformer_method='box-cox',
                                power_transformer_standardize=True,
                                regressor=BayesianRidge(alpha_1=1e-06,
                                                        alpha_2=1e-06,
                                                        alpha_init=None,
                                                        compute_score=False,
                                                        copy_X=True,
                                                        fit_intercept=True,
                                                        lambda_1=1e-06,
                                                        lambda_2=1e-06,
                                                        lambda_init=None,
                                                        n_iter=300,
                                                        normalize=False,
                                                        tol=0.001,
                                                        verbose=False),
                                tol=0.001, verbose=False)
2022-09-12 18:57:54,877:INFO:create_model() succesfully completed......................................
2022-09-12 18:57:55,040:INFO:SubProcess create_model() end ==================================
2022-09-12 18:57:55,040:INFO:Creating metrics dataframe
2022-09-12 18:57:55,055:INFO:Initializing Passive Aggressive Regressor
2022-09-12 18:57:55,056:INFO:Total runtime is 0.16112201611200969 minutes
2022-09-12 18:57:55,064:INFO:SubProcess create_model() called ==================================
2022-09-12 18:57:55,065:INFO:Initializing create_model()
2022-09-12 18:57:55,065:INFO:create_model(estimator=par, fold=KFold(n_splits=10, random_state=None, shuffle=False), round=4, cross_validation=True, predict=True, fit_kwargs={}, groups=None, refit=False, verbose=False, system=False, metrics=None, experiment_custom_tags=None, add_to_model_list=True, probability_threshold=None, display=<pycaret.internal.Display.Display object at 0x7efd37da6040>, return_train_score=False, kwargs={})
2022-09-12 18:57:55,065:INFO:Checking exceptions
2022-09-12 18:57:55,065:INFO:Importing libraries
2022-09-12 18:57:55,065:INFO:Copying training dataset
2022-09-12 18:57:55,066:INFO:Defining folds
2022-09-12 18:57:55,067:INFO:Declaring metric variables
2022-09-12 18:57:55,075:INFO:Importing untrained model
2022-09-12 18:57:55,083:INFO:Passive Aggressive Regressor Imported succesfully
2022-09-12 18:57:55,100:INFO:Starting cross validation
2022-09-12 18:57:55,101:INFO:Cross validating with KFold(n_splits=10, random_state=None, shuffle=False), n_jobs=-1
2022-09-12 18:57:55,199:INFO:Calculating mean and std
2022-09-12 18:57:55,200:INFO:Creating metrics dataframe
2022-09-12 18:57:55,206:INFO:Uploading results into container
2022-09-12 18:57:55,206:INFO:Uploading model into container now
2022-09-12 18:57:55,206:INFO:create_model_container: 8
2022-09-12 18:57:55,206:INFO:master_model_container: 8
2022-09-12 18:57:55,206:INFO:display_container: 2
2022-09-12 18:57:55,208:INFO:PowerTransformedTargetRegressor(C=1.0, average=False, early_stopping=False,
                                epsilon=0.1, fit_intercept=True,
                                loss='epsilon_insensitive', max_iter=1000,
                                n_iter_no_change=5,
                                power_transformer_method='box-cox',
                                power_transformer_standardize=True,
                                random_state=8297,
                                regressor=PassiveAggressiveRegressor(C=1.0,
                                                                     average=False,
                                                                     early_stopping=False,
                                                                     epsilon=0.1,
                                                                     fit_intercept=True,
                                                                     loss='epsilon_insensitive',
                                                                     max_iter=1000,
                                                                     n_iter_no_change=5,
                                                                     random_state=8297,
                                                                     shuffle=True,
                                                                     tol=0.001,
                                                                     validation_fraction=0.1,
                                                                     verbose=0,
                                                                     warm_start=False),
                                shuffle=True, tol=0.001,
                                validation_fraction=0.1, verbose=0,
                                warm_start=False)
2022-09-12 18:57:55,208:INFO:create_model() succesfully completed......................................
2022-09-12 18:57:55,376:INFO:SubProcess create_model() end ==================================
2022-09-12 18:57:55,377:INFO:Creating metrics dataframe
2022-09-12 18:57:55,391:INFO:Initializing Huber Regressor
2022-09-12 18:57:55,392:INFO:Total runtime is 0.1667262037595113 minutes
2022-09-12 18:57:55,401:INFO:SubProcess create_model() called ==================================
2022-09-12 18:57:55,402:INFO:Initializing create_model()
2022-09-12 18:57:55,402:INFO:create_model(estimator=huber, fold=KFold(n_splits=10, random_state=None, shuffle=False), round=4, cross_validation=True, predict=True, fit_kwargs={}, groups=None, refit=False, verbose=False, system=False, metrics=None, experiment_custom_tags=None, add_to_model_list=True, probability_threshold=None, display=<pycaret.internal.Display.Display object at 0x7efd37da6040>, return_train_score=False, kwargs={})
2022-09-12 18:57:55,402:INFO:Checking exceptions
2022-09-12 18:57:55,402:INFO:Importing libraries
2022-09-12 18:57:55,403:INFO:Copying training dataset
2022-09-12 18:57:55,404:INFO:Defining folds
2022-09-12 18:57:55,404:INFO:Declaring metric variables
2022-09-12 18:57:55,412:INFO:Importing untrained model
2022-09-12 18:57:55,421:INFO:Huber Regressor Imported succesfully
2022-09-12 18:57:55,438:INFO:Starting cross validation
2022-09-12 18:57:55,438:INFO:Cross validating with KFold(n_splits=10, random_state=None, shuffle=False), n_jobs=-1
2022-09-12 18:57:55,777:INFO:Calculating mean and std
2022-09-12 18:57:55,779:INFO:Creating metrics dataframe
2022-09-12 18:57:55,785:INFO:Uploading results into container
2022-09-12 18:57:55,785:INFO:Uploading model into container now
2022-09-12 18:57:55,785:INFO:create_model_container: 9
2022-09-12 18:57:55,785:INFO:master_model_container: 9
2022-09-12 18:57:55,786:INFO:display_container: 2
2022-09-12 18:57:55,786:INFO:PowerTransformedTargetRegressor(alpha=0.0001, epsilon=1.35, fit_intercept=True,
                                max_iter=100,
                                power_transformer_method='box-cox',
                                power_transformer_standardize=True,
                                regressor=HuberRegressor(alpha=0.0001,
                                                         epsilon=1.35,
                                                         fit_intercept=True,
                                                         max_iter=100,
                                                         tol=1e-05,
                                                         warm_start=False),
                                tol=1e-05, warm_start=False)
2022-09-12 18:57:55,787:INFO:create_model() succesfully completed......................................
2022-09-12 18:57:55,949:INFO:SubProcess create_model() end ==================================
2022-09-12 18:57:55,950:INFO:Creating metrics dataframe
2022-09-12 18:57:55,965:INFO:Initializing K Neighbors Regressor
2022-09-12 18:57:55,965:INFO:Total runtime is 0.17628495693206786 minutes
2022-09-12 18:57:55,975:INFO:SubProcess create_model() called ==================================
2022-09-12 18:57:55,975:INFO:Initializing create_model()
2022-09-12 18:57:55,975:INFO:create_model(estimator=knn, fold=KFold(n_splits=10, random_state=None, shuffle=False), round=4, cross_validation=True, predict=True, fit_kwargs={}, groups=None, refit=False, verbose=False, system=False, metrics=None, experiment_custom_tags=None, add_to_model_list=True, probability_threshold=None, display=<pycaret.internal.Display.Display object at 0x7efd37da6040>, return_train_score=False, kwargs={})
2022-09-12 18:57:55,975:INFO:Checking exceptions
2022-09-12 18:57:55,976:INFO:Importing libraries
2022-09-12 18:57:55,976:INFO:Copying training dataset
2022-09-12 18:57:55,977:INFO:Defining folds
2022-09-12 18:57:55,977:INFO:Declaring metric variables
2022-09-12 18:57:55,985:INFO:Importing untrained model
2022-09-12 18:57:55,994:INFO:K Neighbors Regressor Imported succesfully
2022-09-12 18:57:56,011:INFO:Starting cross validation
2022-09-12 18:57:56,012:INFO:Cross validating with KFold(n_splits=10, random_state=None, shuffle=False), n_jobs=-1
2022-09-12 18:57:56,355:INFO:Calculating mean and std
2022-09-12 18:57:56,356:INFO:Creating metrics dataframe
2022-09-12 18:57:56,362:INFO:Uploading results into container
2022-09-12 18:57:56,362:INFO:Uploading model into container now
2022-09-12 18:57:56,362:INFO:create_model_container: 10
2022-09-12 18:57:56,363:INFO:master_model_container: 10
2022-09-12 18:57:56,363:INFO:display_container: 2
2022-09-12 18:57:56,364:INFO:PowerTransformedTargetRegressor(algorithm='auto', leaf_size=30,
                                metric='minkowski', metric_params=None,
                                n_jobs=-1, n_neighbors=5, p=2,
                                power_transformer_method='box-cox',
                                power_transformer_standardize=True,
                                regressor=KNeighborsRegressor(algorithm='auto',
                                                              leaf_size=30,
                                                              metric='minkowski',
                                                              metric_params=None,
                                                              n_jobs=-1,
                                                              n_neighbors=5,
                                                              p=2,
                                                              weights='uniform'),
                                weights='uniform')
2022-09-12 18:57:56,364:INFO:create_model() succesfully completed......................................
2022-09-12 18:57:56,528:INFO:SubProcess create_model() end ==================================
2022-09-12 18:57:56,528:INFO:Creating metrics dataframe
2022-09-12 18:57:56,543:INFO:Initializing Decision Tree Regressor
2022-09-12 18:57:56,543:INFO:Total runtime is 0.18591454029083251 minutes
2022-09-12 18:57:56,552:INFO:SubProcess create_model() called ==================================
2022-09-12 18:57:56,553:INFO:Initializing create_model()
2022-09-12 18:57:56,553:INFO:create_model(estimator=dt, fold=KFold(n_splits=10, random_state=None, shuffle=False), round=4, cross_validation=True, predict=True, fit_kwargs={}, groups=None, refit=False, verbose=False, system=False, metrics=None, experiment_custom_tags=None, add_to_model_list=True, probability_threshold=None, display=<pycaret.internal.Display.Display object at 0x7efd37da6040>, return_train_score=False, kwargs={})
2022-09-12 18:57:56,553:INFO:Checking exceptions
2022-09-12 18:57:56,553:INFO:Importing libraries
2022-09-12 18:57:56,553:INFO:Copying training dataset
2022-09-12 18:57:56,554:INFO:Defining folds
2022-09-12 18:57:56,554:INFO:Declaring metric variables
2022-09-12 18:57:56,562:INFO:Importing untrained model
2022-09-12 18:57:56,571:INFO:Decision Tree Regressor Imported succesfully
2022-09-12 18:57:56,588:INFO:Starting cross validation
2022-09-12 18:57:56,589:INFO:Cross validating with KFold(n_splits=10, random_state=None, shuffle=False), n_jobs=-1
2022-09-12 18:57:56,708:INFO:Calculating mean and std
2022-09-12 18:57:56,709:INFO:Creating metrics dataframe
2022-09-12 18:57:56,715:INFO:Uploading results into container
2022-09-12 18:57:56,715:INFO:Uploading model into container now
2022-09-12 18:57:56,716:INFO:create_model_container: 11
2022-09-12 18:57:56,716:INFO:master_model_container: 11
2022-09-12 18:57:56,716:INFO:display_container: 2
2022-09-12 18:57:56,717:INFO:PowerTransformedTargetRegressor(ccp_alpha=0.0, criterion='mse', max_depth=None,
                                max_features=None, max_leaf_nodes=None,
                                min_impurity_decrease=0.0,
                                min_impurity_split=None, min_samples_leaf=1,
                                min_samples_split=2,
                                min_weight_fraction_leaf=0.0,
                                power_transformer_method='box-cox',
                                power_transformer_standardize=True,
                                presort='deprecated', random_state=8297,
                                regressor=DecisionTreeRegressor(ccp_alpha=0.0,
                                                                criterion='mse',
                                                                max_depth=None,
                                                                max_features=None,
                                                                max_leaf_nodes=None,
                                                                min_impurity_decrease=0.0,
                                                                min_impurity_split=None,
                                                                min_samples_leaf=1,
                                                                min_samples_split=2,
                                                                min_weight_fraction_leaf=0.0,
                                                                presort='deprecated',
                                                                random_state=8297,
                                                                splitter='best'),
                                splitter='best')
2022-09-12 18:57:56,717:INFO:create_model() succesfully completed......................................
2022-09-12 18:57:56,883:INFO:SubProcess create_model() end ==================================
2022-09-12 18:57:56,883:INFO:Creating metrics dataframe
2022-09-12 18:57:56,899:INFO:Initializing Random Forest Regressor
2022-09-12 18:57:56,899:INFO:Total runtime is 0.19184889396031696 minutes
2022-09-12 18:57:56,909:INFO:SubProcess create_model() called ==================================
2022-09-12 18:57:56,909:INFO:Initializing create_model()
2022-09-12 18:57:56,909:INFO:create_model(estimator=rf, fold=KFold(n_splits=10, random_state=None, shuffle=False), round=4, cross_validation=True, predict=True, fit_kwargs={}, groups=None, refit=False, verbose=False, system=False, metrics=None, experiment_custom_tags=None, add_to_model_list=True, probability_threshold=None, display=<pycaret.internal.Display.Display object at 0x7efd37da6040>, return_train_score=False, kwargs={})
2022-09-12 18:57:56,910:INFO:Checking exceptions
2022-09-12 18:57:56,910:INFO:Importing libraries
2022-09-12 18:57:56,910:INFO:Copying training dataset
2022-09-12 18:57:56,911:INFO:Defining folds
2022-09-12 18:57:56,912:INFO:Declaring metric variables
2022-09-12 18:57:56,921:INFO:Importing untrained model
2022-09-12 18:57:56,929:INFO:Random Forest Regressor Imported succesfully
2022-09-12 18:57:56,946:INFO:Starting cross validation
2022-09-12 18:57:56,946:INFO:Cross validating with KFold(n_splits=10, random_state=None, shuffle=False), n_jobs=-1
2022-09-12 18:58:00,455:INFO:Calculating mean and std
2022-09-12 18:58:00,456:INFO:Creating metrics dataframe
2022-09-12 18:58:00,461:INFO:Uploading results into container
2022-09-12 18:58:00,462:INFO:Uploading model into container now
2022-09-12 18:58:00,462:INFO:create_model_container: 12
2022-09-12 18:58:00,462:INFO:master_model_container: 12
2022-09-12 18:58:00,462:INFO:display_container: 2
2022-09-12 18:58:00,464:INFO:PowerTransformedTargetRegressor(bootstrap=True, ccp_alpha=0.0, criterion='mse',
                                max_depth=None, max_features='auto',
                                max_leaf_nodes=None, max_samples=None,
                                min_impurity_decrease=0.0,
                                min_impurity_split=None, min_samples_leaf=1,
                                min_samples_split=2,
                                min_weight_fraction_leaf=0.0, n_estimators=100,
                                n_jobs=-1, oob_score=False,
                                power_transformer_method='box-cox',
                                power...
                                regressor=RandomForestRegressor(bootstrap=True,
                                                                ccp_alpha=0.0,
                                                                criterion='mse',
                                                                max_depth=None,
                                                                max_features='auto',
                                                                max_leaf_nodes=None,
                                                                max_samples=None,
                                                                min_impurity_decrease=0.0,
                                                                min_impurity_split=None,
                                                                min_samples_leaf=1,
                                                                min_samples_split=2,
                                                                min_weight_fraction_leaf=0.0,
                                                                n_estimators=100,
                                                                n_jobs=-1,
                                                                oob_score=False,
                                                                random_state=8297,
                                                                verbose=0,
                                                                warm_start=False),
                                verbose=0, warm_start=False)
2022-09-12 18:58:00,464:INFO:create_model() succesfully completed......................................
2022-09-12 18:58:00,627:INFO:SubProcess create_model() end ==================================
2022-09-12 18:58:00,627:INFO:Creating metrics dataframe
2022-09-12 18:58:00,643:INFO:Initializing Extra Trees Regressor
2022-09-12 18:58:00,643:INFO:Total runtime is 0.2542444268862406 minutes
2022-09-12 18:58:00,652:INFO:SubProcess create_model() called ==================================
2022-09-12 18:58:00,652:INFO:Initializing create_model()
2022-09-12 18:58:00,652:INFO:create_model(estimator=et, fold=KFold(n_splits=10, random_state=None, shuffle=False), round=4, cross_validation=True, predict=True, fit_kwargs={}, groups=None, refit=False, verbose=False, system=False, metrics=None, experiment_custom_tags=None, add_to_model_list=True, probability_threshold=None, display=<pycaret.internal.Display.Display object at 0x7efd37da6040>, return_train_score=False, kwargs={})
2022-09-12 18:58:00,653:INFO:Checking exceptions
2022-09-12 18:58:00,653:INFO:Importing libraries
2022-09-12 18:58:00,653:INFO:Copying training dataset
2022-09-12 18:58:00,654:INFO:Defining folds
2022-09-12 18:58:00,654:INFO:Declaring metric variables
2022-09-12 18:58:00,663:INFO:Importing untrained model
2022-09-12 18:58:00,672:INFO:Extra Trees Regressor Imported succesfully
2022-09-12 18:58:00,689:INFO:Starting cross validation
2022-09-12 18:58:00,690:INFO:Cross validating with KFold(n_splits=10, random_state=None, shuffle=False), n_jobs=-1
2022-09-12 18:58:04,993:INFO:Calculating mean and std
2022-09-12 18:58:04,994:INFO:Creating metrics dataframe
2022-09-12 18:58:05,000:INFO:Uploading results into container
2022-09-12 18:58:05,001:INFO:Uploading model into container now
2022-09-12 18:58:05,001:INFO:create_model_container: 13
2022-09-12 18:58:05,001:INFO:master_model_container: 13
2022-09-12 18:58:05,001:INFO:display_container: 2
2022-09-12 18:58:05,002:INFO:PowerTransformedTargetRegressor(bootstrap=False, ccp_alpha=0.0, criterion='mse',
                                max_depth=None, max_features='auto',
                                max_leaf_nodes=None, max_samples=None,
                                min_impurity_decrease=0.0,
                                min_impurity_split=None, min_samples_leaf=1,
                                min_samples_split=2,
                                min_weight_fraction_leaf=0.0, n_estimators=100,
                                n_jobs=-1, oob_score=False,
                                power_transformer_method='box-cox',
                                powe...
                                regressor=ExtraTreesRegressor(bootstrap=False,
                                                              ccp_alpha=0.0,
                                                              criterion='mse',
                                                              max_depth=None,
                                                              max_features='auto',
                                                              max_leaf_nodes=None,
                                                              max_samples=None,
                                                              min_impurity_decrease=0.0,
                                                              min_impurity_split=None,
                                                              min_samples_leaf=1,
                                                              min_samples_split=2,
                                                              min_weight_fraction_leaf=0.0,
                                                              n_estimators=100,
                                                              n_jobs=-1,
                                                              oob_score=False,
                                                              random_state=8297,
                                                              verbose=0,
                                                              warm_start=False),
                                verbose=0, warm_start=False)
2022-09-12 18:58:05,003:INFO:create_model() succesfully completed......................................
2022-09-12 18:58:05,168:INFO:SubProcess create_model() end ==================================
2022-09-12 18:58:05,168:INFO:Creating metrics dataframe
2022-09-12 18:58:05,184:INFO:Initializing AdaBoost Regressor
2022-09-12 18:58:05,185:INFO:Total runtime is 0.329939858118693 minutes
2022-09-12 18:58:05,194:INFO:SubProcess create_model() called ==================================
2022-09-12 18:58:05,194:INFO:Initializing create_model()
2022-09-12 18:58:05,194:INFO:create_model(estimator=ada, fold=KFold(n_splits=10, random_state=None, shuffle=False), round=4, cross_validation=True, predict=True, fit_kwargs={}, groups=None, refit=False, verbose=False, system=False, metrics=None, experiment_custom_tags=None, add_to_model_list=True, probability_threshold=None, display=<pycaret.internal.Display.Display object at 0x7efd37da6040>, return_train_score=False, kwargs={})
2022-09-12 18:58:05,194:INFO:Checking exceptions
2022-09-12 18:58:05,194:INFO:Importing libraries
2022-09-12 18:58:05,194:INFO:Copying training dataset
2022-09-12 18:58:05,196:INFO:Defining folds
2022-09-12 18:58:05,196:INFO:Declaring metric variables
2022-09-12 18:58:05,205:INFO:Importing untrained model
2022-09-12 18:58:05,214:INFO:AdaBoost Regressor Imported succesfully
2022-09-12 18:58:05,230:INFO:Starting cross validation
2022-09-12 18:58:05,231:INFO:Cross validating with KFold(n_splits=10, random_state=None, shuffle=False), n_jobs=-1
2022-09-12 18:58:06,246:INFO:Calculating mean and std
2022-09-12 18:58:06,248:INFO:Creating metrics dataframe
2022-09-12 18:58:06,253:INFO:Uploading results into container
2022-09-12 18:58:06,254:INFO:Uploading model into container now
2022-09-12 18:58:06,254:INFO:create_model_container: 14
2022-09-12 18:58:06,254:INFO:master_model_container: 14
2022-09-12 18:58:06,254:INFO:display_container: 2
2022-09-12 18:58:06,255:INFO:PowerTransformedTargetRegressor(base_estimator=None, learning_rate=1.0,
                                loss='linear', n_estimators=50,
                                power_transformer_method='box-cox',
                                power_transformer_standardize=True,
                                random_state=8297,
                                regressor=AdaBoostRegressor(base_estimator=None,
                                                            learning_rate=1.0,
                                                            loss='linear',
                                                            n_estimators=50,
                                                            random_state=8297))
2022-09-12 18:58:06,255:INFO:create_model() succesfully completed......................................
2022-09-12 18:58:06,424:INFO:SubProcess create_model() end ==================================
2022-09-12 18:58:06,424:INFO:Creating metrics dataframe
2022-09-12 18:58:06,440:INFO:Initializing Gradient Boosting Regressor
2022-09-12 18:58:06,441:INFO:Total runtime is 0.35087691148122147 minutes
2022-09-12 18:58:06,450:INFO:SubProcess create_model() called ==================================
2022-09-12 18:58:06,450:INFO:Initializing create_model()
2022-09-12 18:58:06,451:INFO:create_model(estimator=gbr, fold=KFold(n_splits=10, random_state=None, shuffle=False), round=4, cross_validation=True, predict=True, fit_kwargs={}, groups=None, refit=False, verbose=False, system=False, metrics=None, experiment_custom_tags=None, add_to_model_list=True, probability_threshold=None, display=<pycaret.internal.Display.Display object at 0x7efd37da6040>, return_train_score=False, kwargs={})
2022-09-12 18:58:06,451:INFO:Checking exceptions
2022-09-12 18:58:06,451:INFO:Importing libraries
2022-09-12 18:58:06,451:INFO:Copying training dataset
2022-09-12 18:58:06,452:INFO:Defining folds
2022-09-12 18:58:06,452:INFO:Declaring metric variables
2022-09-12 18:58:06,460:INFO:Importing untrained model
2022-09-12 18:58:06,469:INFO:Gradient Boosting Regressor Imported succesfully
2022-09-12 18:58:06,486:INFO:Starting cross validation
2022-09-12 18:58:06,487:INFO:Cross validating with KFold(n_splits=10, random_state=None, shuffle=False), n_jobs=-1
2022-09-12 18:58:07,664:INFO:Calculating mean and std
2022-09-12 18:58:07,665:INFO:Creating metrics dataframe
2022-09-12 18:58:07,671:INFO:Uploading results into container
2022-09-12 18:58:07,672:INFO:Uploading model into container now
2022-09-12 18:58:07,672:INFO:create_model_container: 15
2022-09-12 18:58:07,672:INFO:master_model_container: 15
2022-09-12 18:58:07,672:INFO:display_container: 2
2022-09-12 18:58:07,674:INFO:PowerTransformedTargetRegressor(alpha=0.9, ccp_alpha=0.0,
                                criterion='friedman_mse', init=None,
                                learning_rate=0.1, loss='ls', max_depth=3,
                                max_features=None, max_leaf_nodes=None,
                                min_impurity_decrease=0.0,
                                min_impurity_split=None, min_samples_leaf=1,
                                min_samples_split=2,
                                min_weight_fraction_leaf=0.0, n_estimators=100,
                                n_iter_no_change=None,
                                power_transformer_method...
                                                                    max_leaf_nodes=None,
                                                                    min_impurity_decrease=0.0,
                                                                    min_impurity_split=None,
                                                                    min_samples_leaf=1,
                                                                    min_samples_split=2,
                                                                    min_weight_fraction_leaf=0.0,
                                                                    n_estimators=100,
                                                                    n_iter_no_change=None,
                                                                    presort='deprecated',
                                                                    random_state=8297,
                                                                    subsample=1.0,
                                                                    tol=0.0001,
                                                                    validation_fraction=0.1,
                                                                    verbose=0,
                                                                    warm_start=False),
                                subsample=1.0, tol=0.0001,
                                validation_fraction=0.1, verbose=0,
                                warm_start=False)
2022-09-12 18:58:07,674:INFO:create_model() succesfully completed......................................
2022-09-12 18:58:07,841:INFO:SubProcess create_model() end ==================================
2022-09-12 18:58:07,841:INFO:Creating metrics dataframe
2022-09-12 18:58:07,858:INFO:Initializing Extreme Gradient Boosting
2022-09-12 18:58:07,858:INFO:Total runtime is 0.374500823020935 minutes
2022-09-12 18:58:07,867:INFO:SubProcess create_model() called ==================================
2022-09-12 18:58:07,868:INFO:Initializing create_model()
2022-09-12 18:58:07,868:INFO:create_model(estimator=xgboost, fold=KFold(n_splits=10, random_state=None, shuffle=False), round=4, cross_validation=True, predict=True, fit_kwargs={}, groups=None, refit=False, verbose=False, system=False, metrics=None, experiment_custom_tags=None, add_to_model_list=True, probability_threshold=None, display=<pycaret.internal.Display.Display object at 0x7efd37da6040>, return_train_score=False, kwargs={})
2022-09-12 18:58:07,868:INFO:Checking exceptions
2022-09-12 18:58:07,868:INFO:Importing libraries
2022-09-12 18:58:07,868:INFO:Copying training dataset
2022-09-12 18:58:07,869:INFO:Defining folds
2022-09-12 18:58:07,870:INFO:Declaring metric variables
2022-09-12 18:58:07,878:INFO:Importing untrained model
2022-09-12 18:58:07,887:INFO:Extreme Gradient Boosting Imported succesfully
2022-09-12 18:58:07,905:INFO:Starting cross validation
2022-09-12 18:58:07,906:INFO:Cross validating with KFold(n_splits=10, random_state=None, shuffle=False), n_jobs=-1
2022-09-12 18:58:10,393:INFO:Calculating mean and std
2022-09-12 18:58:10,394:INFO:Creating metrics dataframe
2022-09-12 18:58:10,400:INFO:Uploading results into container
2022-09-12 18:58:10,400:INFO:Uploading model into container now
2022-09-12 18:58:10,401:INFO:create_model_container: 16
2022-09-12 18:58:10,401:INFO:master_model_container: 16
2022-09-12 18:58:10,401:INFO:display_container: 2
2022-09-12 18:58:10,402:INFO:PowerTransformedTargetRegressor(base_score=None, booster='gbtree',
                                callbacks=None, colsample_bylevel=None,
                                colsample_bynode=None, colsample_bytree=None,
                                early_stopping_rounds=None,
                                enable_categorical=False, eval_metric=None,
                                gamma=None, gpu_id=None, grow_policy=None,
                                importance_type=None,
                                interaction_constraints=None,
                                learning_rate=None, max_bin=None,
                                max_cat_to_onehot=None, max_delta_step=None,
                                max_depth=None, max_leaves=None,
                                min_child_weight=None, missing=nan,
                                monotone_constraints=None, n_estimators=100,
                                n_jobs=-1, num_parallel_tree=None,
                                objective='reg:squarederror',
                                power_transformer_method='box-cox',
                                power_transformer_standardize=True,
                                predictor=None, ...)
2022-09-12 18:58:10,402:INFO:create_model() succesfully completed......................................
2022-09-12 18:58:10,570:INFO:SubProcess create_model() end ==================================
2022-09-12 18:58:10,570:INFO:Creating metrics dataframe
2022-09-12 18:58:10,588:INFO:Initializing Light Gradient Boosting Machine
2022-09-12 18:58:10,588:INFO:Total runtime is 0.41999684174855545 minutes
2022-09-12 18:58:10,597:INFO:SubProcess create_model() called ==================================
2022-09-12 18:58:10,598:INFO:Initializing create_model()
2022-09-12 18:58:10,598:INFO:create_model(estimator=lightgbm, fold=KFold(n_splits=10, random_state=None, shuffle=False), round=4, cross_validation=True, predict=True, fit_kwargs={}, groups=None, refit=False, verbose=False, system=False, metrics=None, experiment_custom_tags=None, add_to_model_list=True, probability_threshold=None, display=<pycaret.internal.Display.Display object at 0x7efd37da6040>, return_train_score=False, kwargs={})
2022-09-12 18:58:10,598:INFO:Checking exceptions
2022-09-12 18:58:10,598:INFO:Importing libraries
2022-09-12 18:58:10,598:INFO:Copying training dataset
2022-09-12 18:58:10,599:INFO:Defining folds
2022-09-12 18:58:10,599:INFO:Declaring metric variables
2022-09-12 18:58:10,608:INFO:Importing untrained model
2022-09-12 18:58:10,616:INFO:Light Gradient Boosting Machine Imported succesfully
2022-09-12 18:58:10,633:INFO:Starting cross validation
2022-09-12 18:58:10,634:INFO:Cross validating with KFold(n_splits=10, random_state=None, shuffle=False), n_jobs=-1
2022-09-12 18:58:10,966:INFO:Calculating mean and std
2022-09-12 18:58:10,967:INFO:Creating metrics dataframe
2022-09-12 18:58:10,973:INFO:Uploading results into container
2022-09-12 18:58:10,974:INFO:Uploading model into container now
2022-09-12 18:58:10,974:INFO:create_model_container: 17
2022-09-12 18:58:10,974:INFO:master_model_container: 17
2022-09-12 18:58:10,974:INFO:display_container: 2
2022-09-12 18:58:10,976:INFO:PowerTransformedTargetRegressor(boosting_type='gbdt', class_weight=None,
                                colsample_bytree=1.0, importance_type='split',
                                learning_rate=0.1, max_depth=-1,
                                min_child_samples=20, min_child_weight=0.001,
                                min_split_gain=0.0, n_estimators=100, n_jobs=-1,
                                num_leaves=31, objective=None,
                                power_transformer_method='box-cox',
                                power_transformer_standardize=True,
                                random_state=8...
                                                        importance_type='split',
                                                        learning_rate=0.1,
                                                        max_depth=-1,
                                                        min_child_samples=20,
                                                        min_child_weight=0.001,
                                                        min_split_gain=0.0,
                                                        n_estimators=100,
                                                        n_jobs=-1,
                                                        num_leaves=31,
                                                        objective=None,
                                                        random_state=8297,
                                                        reg_alpha=0.0,
                                                        reg_lambda=0.0,
                                                        silent='warn',
                                                        subsample=1.0,
                                                        subsample_for_bin=200000,
                                                        subsample_freq=0),
                                silent='warn', subsample=1.0,
                                subsample_for_bin=200000, subsample_freq=0)
2022-09-12 18:58:10,976:INFO:create_model() succesfully completed......................................
2022-09-12 18:58:11,144:INFO:SubProcess create_model() end ==================================
2022-09-12 18:58:11,144:INFO:Creating metrics dataframe
2022-09-12 18:58:11,162:INFO:Initializing CatBoost Regressor
2022-09-12 18:58:11,162:INFO:Total runtime is 0.42957128683725987 minutes
2022-09-12 18:58:11,172:INFO:SubProcess create_model() called ==================================
2022-09-12 18:58:11,172:INFO:Initializing create_model()
2022-09-12 18:58:11,172:INFO:create_model(estimator=catboost, fold=KFold(n_splits=10, random_state=None, shuffle=False), round=4, cross_validation=True, predict=True, fit_kwargs={}, groups=None, refit=False, verbose=False, system=False, metrics=None, experiment_custom_tags=None, add_to_model_list=True, probability_threshold=None, display=<pycaret.internal.Display.Display object at 0x7efd37da6040>, return_train_score=False, kwargs={})
2022-09-12 18:58:11,172:INFO:Checking exceptions
2022-09-12 18:58:11,172:INFO:Importing libraries
2022-09-12 18:58:11,172:INFO:Copying training dataset
2022-09-12 18:58:11,174:INFO:Defining folds
2022-09-12 18:58:11,174:INFO:Declaring metric variables
2022-09-12 18:58:11,182:INFO:Importing untrained model
2022-09-12 18:58:11,191:INFO:CatBoost Regressor Imported succesfully
2022-09-12 18:58:11,208:INFO:Starting cross validation
2022-09-12 18:58:11,208:INFO:Cross validating with KFold(n_splits=10, random_state=None, shuffle=False), n_jobs=-1
2022-09-12 18:58:17,261:INFO:Calculating mean and std
2022-09-12 18:58:17,262:INFO:Creating metrics dataframe
2022-09-12 18:58:17,268:INFO:Uploading results into container
2022-09-12 18:58:17,268:INFO:Uploading model into container now
2022-09-12 18:58:17,268:INFO:create_model_container: 18
2022-09-12 18:58:17,268:INFO:master_model_container: 18
2022-09-12 18:58:17,268:INFO:display_container: 2
2022-09-12 18:58:17,269:INFO:PowerTransformedTargetRegressor(border_count=254, loss_function='RMSE',
                                power_transformer_method='box-cox',
                                power_transformer_standardize=True,
                                random_state=8297,
                                regressor=<catboost.core.CatBoostRegressor object at 0x7efd491845e0>,
                                task_type='CPU', verbose=False)
2022-09-12 18:58:17,269:INFO:create_model() succesfully completed......................................
2022-09-12 18:58:17,433:INFO:SubProcess create_model() end ==================================
2022-09-12 18:58:17,433:INFO:Creating metrics dataframe
2022-09-12 18:58:17,452:INFO:Initializing Dummy Regressor
2022-09-12 18:58:17,452:INFO:Total runtime is 0.5343928893407185 minutes
2022-09-12 18:58:17,461:INFO:SubProcess create_model() called ==================================
2022-09-12 18:58:17,461:INFO:Initializing create_model()
2022-09-12 18:58:17,461:INFO:create_model(estimator=dummy, fold=KFold(n_splits=10, random_state=None, shuffle=False), round=4, cross_validation=True, predict=True, fit_kwargs={}, groups=None, refit=False, verbose=False, system=False, metrics=None, experiment_custom_tags=None, add_to_model_list=True, probability_threshold=None, display=<pycaret.internal.Display.Display object at 0x7efd37da6040>, return_train_score=False, kwargs={})
2022-09-12 18:58:17,462:INFO:Checking exceptions
2022-09-12 18:58:17,462:INFO:Importing libraries
2022-09-12 18:58:17,462:INFO:Copying training dataset
2022-09-12 18:58:17,463:INFO:Defining folds
2022-09-12 18:58:17,463:INFO:Declaring metric variables
2022-09-12 18:58:17,471:INFO:Importing untrained model
2022-09-12 18:58:17,480:INFO:Dummy Regressor Imported succesfully
2022-09-12 18:58:17,497:INFO:Starting cross validation
2022-09-12 18:58:17,498:INFO:Cross validating with KFold(n_splits=10, random_state=None, shuffle=False), n_jobs=-1
2022-09-12 18:58:17,561:INFO:Calculating mean and std
2022-09-12 18:58:17,562:INFO:Creating metrics dataframe
2022-09-12 18:58:17,568:INFO:Uploading results into container
2022-09-12 18:58:17,568:INFO:Uploading model into container now
2022-09-12 18:58:17,568:INFO:create_model_container: 19
2022-09-12 18:58:17,568:INFO:master_model_container: 19
2022-09-12 18:58:17,569:INFO:display_container: 2
2022-09-12 18:58:17,569:INFO:PowerTransformedTargetRegressor(constant=None,
                                power_transformer_method='box-cox',
                                power_transformer_standardize=True,
                                quantile=None,
                                regressor=DummyRegressor(constant=None,
                                                         quantile=None,
                                                         strategy='mean'),
                                strategy='mean')
2022-09-12 18:58:17,570:INFO:create_model() succesfully completed......................................
2022-09-12 18:58:17,733:INFO:SubProcess create_model() end ==================================
2022-09-12 18:58:17,733:INFO:Creating metrics dataframe
2022-09-12 18:58:17,771:INFO:Initializing create_model()
2022-09-12 18:58:17,771:INFO:create_model(estimator=PowerTransformedTargetRegressor(border_count=254, loss_function='RMSE',
                                power_transformer_method='box-cox',
                                power_transformer_standardize=True,
                                random_state=8297,
                                regressor=<catboost.core.CatBoostRegressor object at 0x7efd491845e0>,
                                task_type='CPU', verbose=False), fold=KFold(n_splits=10, random_state=None, shuffle=False), round=4, cross_validation=False, predict=False, fit_kwargs={}, groups=None, refit=True, verbose=False, system=False, metrics=None, experiment_custom_tags=None, add_to_model_list=True, probability_threshold=None, display=None, return_train_score=False, kwargs={})
2022-09-12 18:58:17,772:INFO:Checking exceptions
2022-09-12 18:58:17,772:INFO:Importing libraries
2022-09-12 18:58:17,772:INFO:Copying training dataset
2022-09-12 18:58:17,773:INFO:Defining folds
2022-09-12 18:58:17,773:INFO:Declaring metric variables
2022-09-12 18:58:17,773:INFO:Importing untrained model
2022-09-12 18:58:17,773:INFO:Declaring custom model
2022-09-12 18:58:17,773:INFO:CatBoost Regressor Imported succesfully
2022-09-12 18:58:17,774:INFO:Cross validation set to False
2022-09-12 18:58:17,774:INFO:Fitting Model
2022-09-12 18:58:18,719:INFO:PowerTransformedTargetRegressor(border_count=254, loss_function='RMSE',
                                power_transformer_method='box-cox',
                                power_transformer_standardize=True,
                                random_state=8297,
                                regressor=<catboost.core.CatBoostRegressor object at 0x7efd4904b940>,
                                task_type='CPU', verbose=False)
2022-09-12 18:58:18,720:INFO:create_models() succesfully completed......................................
2022-09-12 18:58:18,884:INFO:Creating Dashboard logs
2022-09-12 18:58:18,893:INFO:Model: CatBoost Regressor
2022-09-12 18:58:18,903:INFO:logged params: {'nan_mode': 'Min', 'eval_metric': 'RMSE', 'iterations': 1000, 'sampling_frequency': 'PerTree', 'leaf_estimation_method': 'Newton', 'grow_policy': 'SymmetricTree', 'penalties_coefficient': 1, 'boosting_type': 'Plain', 'model_shrink_mode': 'Constant', 'feature_border_type': 'GreedyLogSum', 'bayesian_matrix_reg': 0.10000000149011612, 'force_unit_auto_pair_weights': False, 'l2_leaf_reg': 3, 'random_strength': 1, 'rsm': 1, 'boost_from_average': True, 'model_size_reg': 0.5, 'pool_metainfo_options': {'tags': {}}, 'subsample': 0.800000011920929, 'use_best_model': False, 'random_seed': 8297, 'depth': 6, 'posterior_sampling': False, 'border_count': 254, 'classes_count': 0, 'auto_class_weights': 'None', 'sparse_features_conflict_fraction': 0, 'leaf_estimation_backtracking': 'AnyImprovement', 'best_model_min_trees': 1, 'model_shrink_rate': 0, 'min_data_in_leaf': 1, 'loss_function': 'RMSE', 'learning_rate': 0.051360998302698135, 'score_function': 'Cosine', 'task_type': 'CPU', 'leaf_estimation_iterations': 1, 'bootstrap_type': 'MVS', 'max_leaves': 64}
2022-09-12 18:58:18,920:INFO:Initializing predict_model()
2022-09-12 18:58:18,920:INFO:predict_model(estimator=PowerTransformedTargetRegressor(border_count=254, loss_function='RMSE',
                                power_transformer_method='box-cox',
                                power_transformer_standardize=True,
                                random_state=8297,
                                regressor=<catboost.core.CatBoostRegressor object at 0x7efd4904b940>,
                                task_type='CPU', verbose=False), probability_threshold=None, encoded_labels=False, drift_report=False, raw_score=False, round=4, verbose=False, ml_usecase=None, display=None, drift_kwargs=None)
2022-09-12 18:58:18,920:INFO:Checking exceptions
2022-09-12 18:58:18,920:INFO:Preloading libraries
2022-09-12 18:58:19,292:INFO:Creating Dashboard logs
2022-09-12 18:58:19,301:INFO:Model: Light Gradient Boosting Machine
2022-09-12 18:58:19,310:WARNING:Couldn't get params for model. Exception:
2022-09-12 18:58:19,310:WARNING:Traceback (most recent call last):
  File "/home/ubuntu/anaconda3/envs/mlops/lib/python3.8/site-packages/pycaret/loggers/__init__.py", line 77, in log_model
    params = params.get_all_params()
AttributeError: 'NoneType' object has no attribute 'get_all_params'

During handling of the above exception, another exception occurred:

Traceback (most recent call last):
  File "/home/ubuntu/anaconda3/envs/mlops/lib/python3.8/site-packages/pycaret/loggers/__init__.py", line 79, in log_model
    params = params.get_params()
AttributeError: 'NoneType' object has no attribute 'get_params'

2022-09-12 18:58:19,310:INFO:logged params: {}
2022-09-12 18:58:19,495:INFO:Creating Dashboard logs
2022-09-12 18:58:19,504:INFO:Model: Extreme Gradient Boosting
2022-09-12 18:58:19,513:WARNING:Couldn't get params for model. Exception:
2022-09-12 18:58:19,513:WARNING:Traceback (most recent call last):
  File "/home/ubuntu/anaconda3/envs/mlops/lib/python3.8/site-packages/pycaret/loggers/__init__.py", line 77, in log_model
    params = params.get_all_params()
AttributeError: 'NoneType' object has no attribute 'get_all_params'

During handling of the above exception, another exception occurred:

Traceback (most recent call last):
  File "/home/ubuntu/anaconda3/envs/mlops/lib/python3.8/site-packages/pycaret/loggers/__init__.py", line 79, in log_model
    params = params.get_params()
AttributeError: 'NoneType' object has no attribute 'get_params'

2022-09-12 18:58:19,513:INFO:logged params: {}
2022-09-12 18:58:19,706:INFO:Creating Dashboard logs
2022-09-12 18:58:19,714:INFO:Model: Random Forest Regressor
2022-09-12 18:58:19,723:WARNING:Couldn't get params for model. Exception:
2022-09-12 18:58:19,723:WARNING:Traceback (most recent call last):
  File "/home/ubuntu/anaconda3/envs/mlops/lib/python3.8/site-packages/pycaret/loggers/__init__.py", line 77, in log_model
    params = params.get_all_params()
AttributeError: 'NoneType' object has no attribute 'get_all_params'

During handling of the above exception, another exception occurred:

Traceback (most recent call last):
  File "/home/ubuntu/anaconda3/envs/mlops/lib/python3.8/site-packages/pycaret/loggers/__init__.py", line 79, in log_model
    params = params.get_params()
AttributeError: 'NoneType' object has no attribute 'get_params'

2022-09-12 18:58:19,723:INFO:logged params: {}
2022-09-12 18:58:19,915:INFO:Creating Dashboard logs
2022-09-12 18:58:19,924:INFO:Model: Extra Trees Regressor
2022-09-12 18:58:19,933:WARNING:Couldn't get params for model. Exception:
2022-09-12 18:58:19,933:WARNING:Traceback (most recent call last):
  File "/home/ubuntu/anaconda3/envs/mlops/lib/python3.8/site-packages/pycaret/loggers/__init__.py", line 77, in log_model
    params = params.get_all_params()
AttributeError: 'NoneType' object has no attribute 'get_all_params'

During handling of the above exception, another exception occurred:

Traceback (most recent call last):
  File "/home/ubuntu/anaconda3/envs/mlops/lib/python3.8/site-packages/pycaret/loggers/__init__.py", line 79, in log_model
    params = params.get_params()
AttributeError: 'NoneType' object has no attribute 'get_params'

2022-09-12 18:58:19,933:INFO:logged params: {}
2022-09-12 18:58:20,125:INFO:Creating Dashboard logs
2022-09-12 18:58:20,134:INFO:Model: Gradient Boosting Regressor
2022-09-12 18:58:20,143:WARNING:Couldn't get params for model. Exception:
2022-09-12 18:58:20,143:WARNING:Traceback (most recent call last):
  File "/home/ubuntu/anaconda3/envs/mlops/lib/python3.8/site-packages/pycaret/loggers/__init__.py", line 77, in log_model
    params = params.get_all_params()
AttributeError: 'NoneType' object has no attribute 'get_all_params'

During handling of the above exception, another exception occurred:

Traceback (most recent call last):
  File "/home/ubuntu/anaconda3/envs/mlops/lib/python3.8/site-packages/pycaret/loggers/__init__.py", line 79, in log_model
    params = params.get_params()
AttributeError: 'NoneType' object has no attribute 'get_params'

2022-09-12 18:58:20,143:INFO:logged params: {}
2022-09-12 18:58:20,333:INFO:Creating Dashboard logs
2022-09-12 18:58:20,342:INFO:Model: Decision Tree Regressor
2022-09-12 18:58:20,350:WARNING:Couldn't get params for model. Exception:
2022-09-12 18:58:20,351:WARNING:Traceback (most recent call last):
  File "/home/ubuntu/anaconda3/envs/mlops/lib/python3.8/site-packages/pycaret/loggers/__init__.py", line 77, in log_model
    params = params.get_all_params()
AttributeError: 'NoneType' object has no attribute 'get_all_params'

During handling of the above exception, another exception occurred:

Traceback (most recent call last):
  File "/home/ubuntu/anaconda3/envs/mlops/lib/python3.8/site-packages/pycaret/loggers/__init__.py", line 79, in log_model
    params = params.get_params()
AttributeError: 'NoneType' object has no attribute 'get_params'

2022-09-12 18:58:20,351:INFO:logged params: {}
2022-09-12 18:58:20,539:INFO:Creating Dashboard logs
2022-09-12 18:58:20,549:INFO:Model: PowerTransformedTargetRegressor
2022-09-12 18:58:20,558:WARNING:Couldn't get params for model. Exception:
2022-09-12 18:58:20,558:WARNING:Traceback (most recent call last):
  File "/home/ubuntu/anaconda3/envs/mlops/lib/python3.8/site-packages/pycaret/loggers/__init__.py", line 77, in log_model
    params = params.get_all_params()
AttributeError: 'NoneType' object has no attribute 'get_all_params'

During handling of the above exception, another exception occurred:

Traceback (most recent call last):
  File "/home/ubuntu/anaconda3/envs/mlops/lib/python3.8/site-packages/pycaret/loggers/__init__.py", line 79, in log_model
    params = params.get_params()
AttributeError: 'NoneType' object has no attribute 'get_params'

2022-09-12 18:58:20,559:INFO:logged params: {}
2022-09-12 18:58:20,749:INFO:Creating Dashboard logs
2022-09-12 18:58:20,759:INFO:Model: K Neighbors Regressor
2022-09-12 18:58:20,777:WARNING:Couldn't get params for model. Exception:
2022-09-12 18:58:20,778:WARNING:Traceback (most recent call last):
  File "/home/ubuntu/anaconda3/envs/mlops/lib/python3.8/site-packages/pycaret/loggers/__init__.py", line 77, in log_model
    params = params.get_all_params()
AttributeError: 'NoneType' object has no attribute 'get_all_params'

During handling of the above exception, another exception occurred:

Traceback (most recent call last):
  File "/home/ubuntu/anaconda3/envs/mlops/lib/python3.8/site-packages/pycaret/loggers/__init__.py", line 79, in log_model
    params = params.get_params()
AttributeError: 'NoneType' object has no attribute 'get_params'

2022-09-12 18:58:20,778:INFO:logged params: {}
2022-09-12 18:58:20,966:INFO:Creating Dashboard logs
2022-09-12 18:58:20,975:INFO:Model: Orthogonal Matching Pursuit
2022-09-12 18:58:20,984:WARNING:Couldn't get params for model. Exception:
2022-09-12 18:58:20,984:WARNING:Traceback (most recent call last):
  File "/home/ubuntu/anaconda3/envs/mlops/lib/python3.8/site-packages/pycaret/loggers/__init__.py", line 77, in log_model
    params = params.get_all_params()
AttributeError: 'NoneType' object has no attribute 'get_all_params'

During handling of the above exception, another exception occurred:

Traceback (most recent call last):
  File "/home/ubuntu/anaconda3/envs/mlops/lib/python3.8/site-packages/pycaret/loggers/__init__.py", line 79, in log_model
    params = params.get_params()
AttributeError: 'NoneType' object has no attribute 'get_params'

2022-09-12 18:58:20,984:INFO:logged params: {}
2022-09-12 18:58:21,169:INFO:Creating Dashboard logs
2022-09-12 18:58:21,178:INFO:Model: Least Angle Regression
2022-09-12 18:58:21,186:WARNING:Couldn't get params for model. Exception:
2022-09-12 18:58:21,186:WARNING:Traceback (most recent call last):
  File "/home/ubuntu/anaconda3/envs/mlops/lib/python3.8/site-packages/pycaret/loggers/__init__.py", line 77, in log_model
    params = params.get_all_params()
AttributeError: 'NoneType' object has no attribute 'get_all_params'

During handling of the above exception, another exception occurred:

Traceback (most recent call last):
  File "/home/ubuntu/anaconda3/envs/mlops/lib/python3.8/site-packages/pycaret/loggers/__init__.py", line 79, in log_model
    params = params.get_params()
AttributeError: 'NoneType' object has no attribute 'get_params'

2022-09-12 18:58:21,186:INFO:logged params: {}
2022-09-12 18:58:21,371:INFO:Creating Dashboard logs
2022-09-12 18:58:21,380:INFO:Model: Lasso Regression
2022-09-12 18:58:21,388:WARNING:Couldn't get params for model. Exception:
2022-09-12 18:58:21,388:WARNING:Traceback (most recent call last):
  File "/home/ubuntu/anaconda3/envs/mlops/lib/python3.8/site-packages/pycaret/loggers/__init__.py", line 77, in log_model
    params = params.get_all_params()
AttributeError: 'NoneType' object has no attribute 'get_all_params'

During handling of the above exception, another exception occurred:

Traceback (most recent call last):
  File "/home/ubuntu/anaconda3/envs/mlops/lib/python3.8/site-packages/pycaret/loggers/__init__.py", line 79, in log_model
    params = params.get_params()
AttributeError: 'NoneType' object has no attribute 'get_params'

2022-09-12 18:58:21,389:INFO:logged params: {}
2022-09-12 18:58:21,574:INFO:Creating Dashboard logs
2022-09-12 18:58:21,585:INFO:Model: Elastic Net
2022-09-12 18:58:21,593:WARNING:Couldn't get params for model. Exception:
2022-09-12 18:58:21,594:WARNING:Traceback (most recent call last):
  File "/home/ubuntu/anaconda3/envs/mlops/lib/python3.8/site-packages/pycaret/loggers/__init__.py", line 77, in log_model
    params = params.get_all_params()
AttributeError: 'NoneType' object has no attribute 'get_all_params'

During handling of the above exception, another exception occurred:

Traceback (most recent call last):
  File "/home/ubuntu/anaconda3/envs/mlops/lib/python3.8/site-packages/pycaret/loggers/__init__.py", line 79, in log_model
    params = params.get_params()
AttributeError: 'NoneType' object has no attribute 'get_params'

2022-09-12 18:58:21,594:INFO:logged params: {}
2022-09-12 18:58:21,780:INFO:Creating Dashboard logs
2022-09-12 18:58:21,791:INFO:Model: Dummy Regressor
2022-09-12 18:58:21,800:WARNING:Couldn't get params for model. Exception:
2022-09-12 18:58:21,800:WARNING:Traceback (most recent call last):
  File "/home/ubuntu/anaconda3/envs/mlops/lib/python3.8/site-packages/pycaret/loggers/__init__.py", line 77, in log_model
    params = params.get_all_params()
AttributeError: 'NoneType' object has no attribute 'get_all_params'

During handling of the above exception, another exception occurred:

Traceback (most recent call last):
  File "/home/ubuntu/anaconda3/envs/mlops/lib/python3.8/site-packages/pycaret/loggers/__init__.py", line 79, in log_model
    params = params.get_params()
AttributeError: 'NoneType' object has no attribute 'get_params'

2022-09-12 18:58:21,800:INFO:logged params: {}
2022-09-12 18:58:21,996:INFO:Creating Dashboard logs
2022-09-12 18:58:22,005:INFO:Model: Huber Regressor
2022-09-12 18:58:22,014:WARNING:Couldn't get params for model. Exception:
2022-09-12 18:58:22,015:WARNING:Traceback (most recent call last):
  File "/home/ubuntu/anaconda3/envs/mlops/lib/python3.8/site-packages/pycaret/loggers/__init__.py", line 77, in log_model
    params = params.get_all_params()
AttributeError: 'NoneType' object has no attribute 'get_all_params'

During handling of the above exception, another exception occurred:

Traceback (most recent call last):
  File "/home/ubuntu/anaconda3/envs/mlops/lib/python3.8/site-packages/pycaret/loggers/__init__.py", line 79, in log_model
    params = params.get_params()
AttributeError: 'NoneType' object has no attribute 'get_params'

2022-09-12 18:58:22,015:INFO:logged params: {}
2022-09-12 18:58:22,205:INFO:Creating Dashboard logs
2022-09-12 18:58:22,214:INFO:Model: Linear Regression
2022-09-12 18:58:22,223:WARNING:Couldn't get params for model. Exception:
2022-09-12 18:58:22,223:WARNING:Traceback (most recent call last):
  File "/home/ubuntu/anaconda3/envs/mlops/lib/python3.8/site-packages/pycaret/loggers/__init__.py", line 77, in log_model
    params = params.get_all_params()
AttributeError: 'NoneType' object has no attribute 'get_all_params'

During handling of the above exception, another exception occurred:

Traceback (most recent call last):
  File "/home/ubuntu/anaconda3/envs/mlops/lib/python3.8/site-packages/pycaret/loggers/__init__.py", line 79, in log_model
    params = params.get_params()
AttributeError: 'NoneType' object has no attribute 'get_params'

2022-09-12 18:58:22,223:INFO:logged params: {}
2022-09-12 18:58:22,434:INFO:Creating Dashboard logs
2022-09-12 18:58:22,463:INFO:Model: Ridge Regression
2022-09-12 18:58:22,475:WARNING:Couldn't get params for model. Exception:
2022-09-12 18:58:22,475:WARNING:Traceback (most recent call last):
  File "/home/ubuntu/anaconda3/envs/mlops/lib/python3.8/site-packages/pycaret/loggers/__init__.py", line 77, in log_model
    params = params.get_all_params()
AttributeError: 'NoneType' object has no attribute 'get_all_params'

During handling of the above exception, another exception occurred:

Traceback (most recent call last):
  File "/home/ubuntu/anaconda3/envs/mlops/lib/python3.8/site-packages/pycaret/loggers/__init__.py", line 79, in log_model
    params = params.get_params()
AttributeError: 'NoneType' object has no attribute 'get_params'

2022-09-12 18:58:22,475:INFO:logged params: {}
2022-09-12 18:58:22,712:INFO:Creating Dashboard logs
2022-09-12 18:58:22,728:INFO:Model: Bayesian Ridge
2022-09-12 18:58:22,737:WARNING:Couldn't get params for model. Exception:
2022-09-12 18:58:22,737:WARNING:Traceback (most recent call last):
  File "/home/ubuntu/anaconda3/envs/mlops/lib/python3.8/site-packages/pycaret/loggers/__init__.py", line 77, in log_model
    params = params.get_all_params()
AttributeError: 'NoneType' object has no attribute 'get_all_params'

During handling of the above exception, another exception occurred:

Traceback (most recent call last):
  File "/home/ubuntu/anaconda3/envs/mlops/lib/python3.8/site-packages/pycaret/loggers/__init__.py", line 79, in log_model
    params = params.get_params()
AttributeError: 'NoneType' object has no attribute 'get_params'

2022-09-12 18:58:22,737:INFO:logged params: {}
2022-09-12 18:58:22,926:INFO:Creating Dashboard logs
2022-09-12 18:58:22,934:INFO:Model: Passive Aggressive Regressor
2022-09-12 18:58:22,944:WARNING:Couldn't get params for model. Exception:
2022-09-12 18:58:22,944:WARNING:Traceback (most recent call last):
  File "/home/ubuntu/anaconda3/envs/mlops/lib/python3.8/site-packages/pycaret/loggers/__init__.py", line 77, in log_model
    params = params.get_all_params()
AttributeError: 'NoneType' object has no attribute 'get_all_params'

During handling of the above exception, another exception occurred:

Traceback (most recent call last):
  File "/home/ubuntu/anaconda3/envs/mlops/lib/python3.8/site-packages/pycaret/loggers/__init__.py", line 79, in log_model
    params = params.get_params()
AttributeError: 'NoneType' object has no attribute 'get_params'

2022-09-12 18:58:22,944:INFO:logged params: {}
2022-09-12 18:58:23,157:INFO:create_model_container: 19
2022-09-12 18:58:23,157:INFO:master_model_container: 19
2022-09-12 18:58:23,158:INFO:display_container: 2
2022-09-12 18:58:23,159:INFO:PowerTransformedTargetRegressor(border_count=254, loss_function='RMSE',
                                power_transformer_method='box-cox',
                                power_transformer_standardize=True,
                                random_state=8297,
                                regressor=<catboost.core.CatBoostRegressor object at 0x7efd4904b940>,
                                task_type='CPU', verbose=False)
2022-09-12 18:58:23,159:INFO:compare_models() succesfully completed......................................
2022-09-12 18:58:56,280:INFO:Initializing plot_model()
2022-09-12 18:58:56,280:INFO:plot_model(fold=None, use_train_data=False, verbose=True, is_in_evaluate=False, display=None, display_format=None, estimator=PowerTransformedTargetRegressor(border_count=254, loss_function='RMSE',
                                power_transformer_method='box-cox',
                                power_transformer_standardize=True,
                                random_state=8297,
                                regressor=<catboost.core.CatBoostRegressor object at 0x7efd4904b940>,
                                task_type='CPU', verbose=False), feature_name=None, fit_kwargs=None, groups=None, label=False, plot=residuals_interactive, plot_kwargs=None, save=False, scale=1, system=True)
2022-09-12 18:58:56,281:INFO:Checking exceptions
2022-09-12 18:58:56,282:INFO:Preparing display monitor
2022-09-12 18:58:56,291:INFO:Preloading libraries
2022-09-12 18:58:56,295:INFO:Copying training dataset
2022-09-12 18:58:56,296:INFO:Copying test dataset
2022-09-12 18:58:56,297:INFO:Plot type: residuals_interactive
2022-09-12 18:58:56,316:INFO:Calculated model residuals
2022-09-12 18:58:57,742:INFO:Calculated Tunkey-Anscombe Plot
2022-09-12 18:58:58,365:INFO:Calculated Normal QQ Plot
2022-09-12 18:58:59,802:INFO:Calculated Scale-Location Plot
2022-09-12 18:59:00,179:INFO:Calculated Residual vs Leverage Plot inc. Cook's distance
2022-09-12 18:59:00,253:INFO:Visual Rendered Successfully
2022-09-12 18:59:00,430:INFO:plot_model() succesfully completed......................................
2022-09-12 18:59:22,507:INFO:Initializing plot_model()
2022-09-12 18:59:22,508:INFO:plot_model(fold=None, use_train_data=False, verbose=True, is_in_evaluate=False, display=None, display_format=None, estimator=PowerTransformedTargetRegressor(border_count=254, loss_function='RMSE',
                                power_transformer_method='box-cox',
                                power_transformer_standardize=True,
                                random_state=8297,
                                regressor=<catboost.core.CatBoostRegressor object at 0x7efd4904b940>,
                                task_type='CPU', verbose=False), feature_name=None, fit_kwargs=None, groups=None, label=False, plot=residuals_interactive, plot_kwargs=None, save=False, scale=1, system=True)
2022-09-12 18:59:22,508:INFO:Checking exceptions
2022-09-12 18:59:22,508:INFO:Preparing display monitor
2022-09-12 18:59:22,516:INFO:Preloading libraries
2022-09-12 18:59:22,519:INFO:Copying training dataset
2022-09-12 18:59:22,520:INFO:Copying test dataset
2022-09-12 18:59:22,521:INFO:Plot type: residuals_interactive
2022-09-12 18:59:22,533:INFO:Calculated model residuals
2022-09-12 18:59:23,986:INFO:Calculated Tunkey-Anscombe Plot
2022-09-12 18:59:24,616:INFO:Calculated Normal QQ Plot
2022-09-12 18:59:26,114:INFO:Calculated Scale-Location Plot
2022-09-12 18:59:26,628:INFO:Calculated Residual vs Leverage Plot inc. Cook's distance
2022-09-12 18:59:26,703:INFO:Visual Rendered Successfully
2022-09-12 18:59:26,885:INFO:plot_model() succesfully completed......................................
2022-09-12 18:59:57,410:INFO:Initializing plot_model()
2022-09-12 18:59:57,411:INFO:plot_model(fold=None, use_train_data=False, verbose=True, is_in_evaluate=False, display=None, display_format=None, estimator=PowerTransformedTargetRegressor(border_count=254, loss_function='RMSE',
                                power_transformer_method='box-cox',
                                power_transformer_standardize=True,
                                random_state=8297,
                                regressor=<catboost.core.CatBoostRegressor object at 0x7efd4904b940>,
                                task_type='CPU', verbose=False), feature_name=None, fit_kwargs=None, groups=None, label=False, plot=feature, plot_kwargs=None, save=False, scale=1, system=True)
2022-09-12 18:59:57,411:INFO:Checking exceptions
2022-09-12 18:59:57,412:INFO:Preparing display monitor
2022-09-12 18:59:57,420:INFO:Preloading libraries
2022-09-12 18:59:57,423:INFO:Copying training dataset
2022-09-12 18:59:57,425:INFO:Copying test dataset
2022-09-12 18:59:57,425:INFO:Plot type: feature
2022-09-12 18:59:57,427:WARNING:No coef_ found. Trying feature_importances_
2022-09-12 18:59:57,629:INFO:Visual Rendered Successfully
2022-09-12 18:59:57,821:INFO:plot_model() succesfully completed......................................
2022-09-12 19:00:06,152:INFO:Initializing plot_model()
2022-09-12 19:00:06,153:INFO:plot_model(fold=None, use_train_data=False, verbose=True, is_in_evaluate=False, display=None, display_format=None, estimator=PowerTransformedTargetRegressor(border_count=254, loss_function='RMSE',
                                power_transformer_method='box-cox',
                                power_transformer_standardize=True,
                                random_state=8297,
                                regressor=<catboost.core.CatBoostRegressor object at 0x7efd4904b940>,
                                task_type='CPU', verbose=False), feature_name=None, fit_kwargs=None, groups=None, label=False, plot=residuals, plot_kwargs=None, save=False, scale=1, system=True)
2022-09-12 19:00:06,153:INFO:Checking exceptions
2022-09-12 19:00:06,155:INFO:Preparing display monitor
2022-09-12 19:00:06,163:INFO:Preloading libraries
2022-09-12 19:00:06,166:INFO:Copying training dataset
2022-09-12 19:00:06,167:INFO:Copying test dataset
2022-09-12 19:00:06,168:INFO:Plot type: residuals
2022-09-12 19:00:06,267:INFO:Fitting Model
2022-09-12 19:00:06,319:INFO:Scoring test/hold-out set
2022-09-12 19:00:07,029:INFO:Visual Rendered Successfully
2022-09-12 19:00:07,227:INFO:plot_model() succesfully completed......................................
2022-09-12 19:01:42,171:INFO:Initializing plot_model()
2022-09-12 19:01:42,172:INFO:plot_model(fold=None, use_train_data=False, verbose=True, is_in_evaluate=False, display=None, display_format=None, estimator=PowerTransformedTargetRegressor(border_count=254, loss_function='RMSE',
                                power_transformer_method='box-cox',
                                power_transformer_standardize=True,
                                random_state=8297,
                                regressor=<catboost.core.CatBoostRegressor object at 0x7efd4904b940>,
                                task_type='CPU', verbose=False), feature_name=None, fit_kwargs=None, groups=None, label=False, plot=residuals_interactive, plot_kwargs=None, save=False, scale=0.5, system=True)
2022-09-12 19:01:42,172:INFO:Checking exceptions
2022-09-12 19:01:42,173:INFO:Preparing display monitor
2022-09-12 19:01:42,180:INFO:Preloading libraries
2022-09-12 19:01:42,183:INFO:Copying training dataset
2022-09-12 19:01:42,184:INFO:Copying test dataset
2022-09-12 19:01:42,185:INFO:Plot type: residuals_interactive
2022-09-12 19:01:42,197:INFO:Calculated model residuals
2022-09-12 19:01:43,657:INFO:Calculated Tunkey-Anscombe Plot
2022-09-12 19:01:44,291:INFO:Calculated Normal QQ Plot
2022-09-12 19:01:45,792:INFO:Calculated Scale-Location Plot
2022-09-12 19:01:46,146:INFO:Calculated Residual vs Leverage Plot inc. Cook's distance
2022-09-12 19:01:46,218:INFO:Visual Rendered Successfully
2022-09-12 19:01:46,411:INFO:plot_model() succesfully completed......................................
2022-09-12 19:02:06,897:INFO:Initializing plot_model()
2022-09-12 19:02:06,897:INFO:plot_model(fold=None, use_train_data=False, verbose=True, is_in_evaluate=False, display=None, display_format=None, estimator=PowerTransformedTargetRegressor(border_count=254, loss_function='RMSE',
                                power_transformer_method='box-cox',
                                power_transformer_standardize=True,
                                random_state=8297,
                                regressor=<catboost.core.CatBoostRegressor object at 0x7efd4904b940>,
                                task_type='CPU', verbose=False), feature_name=None, fit_kwargs=None, groups=None, label=False, plot=residuals, plot_kwargs=None, save=False, scale=0.5, system=True)
2022-09-12 19:02:06,897:INFO:Checking exceptions
2022-09-12 19:02:06,898:INFO:Preparing display monitor
2022-09-12 19:02:06,906:INFO:Preloading libraries
2022-09-12 19:02:06,909:INFO:Copying training dataset
2022-09-12 19:02:06,910:INFO:Copying test dataset
2022-09-12 19:02:06,910:INFO:Plot type: residuals
2022-09-12 19:02:06,958:INFO:Fitting Model
2022-09-12 19:02:07,007:INFO:Scoring test/hold-out set
2022-09-12 19:02:07,563:INFO:Visual Rendered Successfully
2022-09-12 19:02:07,756:INFO:plot_model() succesfully completed......................................
2022-09-12 19:02:17,944:INFO:Initializing plot_model()
2022-09-12 19:02:17,944:INFO:plot_model(fold=None, use_train_data=False, verbose=True, is_in_evaluate=False, display=None, display_format=None, estimator=PowerTransformedTargetRegressor(border_count=254, loss_function='RMSE',
                                power_transformer_method='box-cox',
                                power_transformer_standardize=True,
                                random_state=8297,
                                regressor=<catboost.core.CatBoostRegressor object at 0x7efd4904b940>,
                                task_type='CPU', verbose=False), feature_name=None, fit_kwargs=None, groups=None, label=False, plot=residuals, plot_kwargs=None, save=False, scale=0.8, system=True)
2022-09-12 19:02:17,944:INFO:Checking exceptions
2022-09-12 19:02:17,945:INFO:Preparing display monitor
2022-09-12 19:02:17,953:INFO:Preloading libraries
2022-09-12 19:02:17,955:INFO:Copying training dataset
2022-09-12 19:02:17,957:INFO:Copying test dataset
2022-09-12 19:02:17,957:INFO:Plot type: residuals
2022-09-12 19:02:18,004:INFO:Fitting Model
2022-09-12 19:02:18,057:INFO:Scoring test/hold-out set
2022-09-12 19:02:18,633:INFO:Visual Rendered Successfully
2022-09-12 19:02:18,832:INFO:plot_model() succesfully completed......................................
2022-09-12 19:02:19,504:INFO:Initializing plot_model()
2022-09-12 19:02:19,504:INFO:plot_model(fold=None, use_train_data=False, verbose=True, is_in_evaluate=False, display=None, display_format=None, estimator=PowerTransformedTargetRegressor(border_count=254, loss_function='RMSE',
                                power_transformer_method='box-cox',
                                power_transformer_standardize=True,
                                random_state=8297,
                                regressor=<catboost.core.CatBoostRegressor object at 0x7efd4904b940>,
                                task_type='CPU', verbose=False), feature_name=None, fit_kwargs=None, groups=None, label=False, plot=error, plot_kwargs=None, save=False, scale=1, system=True)
2022-09-12 19:02:19,505:INFO:Checking exceptions
2022-09-12 19:02:19,505:INFO:Preparing display monitor
2022-09-12 19:02:19,513:INFO:Preloading libraries
2022-09-12 19:02:19,515:INFO:Copying training dataset
2022-09-12 19:02:19,516:INFO:Copying test dataset
2022-09-12 19:02:19,517:INFO:Plot type: error
2022-09-12 19:02:19,520:INFO:Fitting Model
2022-09-12 19:02:19,521:INFO:Scoring test/hold-out set
2022-09-12 19:02:19,803:INFO:Visual Rendered Successfully
2022-09-12 19:02:20,002:INFO:plot_model() succesfully completed......................................
2022-09-12 19:02:42,833:INFO:Initializing plot_model()
2022-09-12 19:02:42,834:INFO:plot_model(fold=None, use_train_data=False, verbose=True, is_in_evaluate=False, display=None, display_format=None, estimator=PowerTransformedTargetRegressor(border_count=254, loss_function='RMSE',
                                power_transformer_method='box-cox',
                                power_transformer_standardize=True,
                                random_state=8297,
                                regressor=<catboost.core.CatBoostRegressor object at 0x7efd4904b940>,
                                task_type='CPU', verbose=False), feature_name=None, fit_kwargs=None, groups=None, label=False, plot=feature, plot_kwargs=None, save=False, scale=1, system=True)
2022-09-12 19:02:42,834:INFO:Checking exceptions
2022-09-12 19:02:42,835:INFO:Preparing display monitor
2022-09-12 19:02:42,843:INFO:Preloading libraries
2022-09-12 19:02:42,846:INFO:Copying training dataset
2022-09-12 19:02:42,847:INFO:Copying test dataset
2022-09-12 19:02:42,848:INFO:Plot type: feature
2022-09-12 19:02:42,849:WARNING:No coef_ found. Trying feature_importances_
2022-09-12 19:02:43,027:INFO:Visual Rendered Successfully
2022-09-12 19:02:43,218:INFO:plot_model() succesfully completed......................................
2022-09-12 19:03:15,387:INFO:Initializing plot_model()
2022-09-12 19:03:15,387:INFO:plot_model(fold=None, use_train_data=False, verbose=True, is_in_evaluate=False, display=None, display_format=None, estimator=PowerTransformedTargetRegressor(border_count=254, loss_function='RMSE',
                                power_transformer_method='box-cox',
                                power_transformer_standardize=True,
                                random_state=8297,
                                regressor=<catboost.core.CatBoostRegressor object at 0x7efd4904b940>,
                                task_type='CPU', verbose=False), feature_name=None, fit_kwargs=None, groups=None, label=False, plot=feature, plot_kwargs=None, save=False, scale=0.7, system=True)
2022-09-12 19:03:15,387:INFO:Checking exceptions
2022-09-12 19:03:15,387:INFO:Preparing display monitor
2022-09-12 19:03:15,398:INFO:Preloading libraries
2022-09-12 19:03:15,401:INFO:Copying training dataset
2022-09-12 19:03:15,402:INFO:Copying test dataset
2022-09-12 19:03:15,402:INFO:Plot type: feature
2022-09-12 19:03:15,404:WARNING:No coef_ found. Trying feature_importances_
2022-09-12 19:03:15,591:INFO:Visual Rendered Successfully
2022-09-12 19:03:15,786:INFO:plot_model() succesfully completed......................................
2022-09-12 19:03:24,906:INFO:Initializing plot_model()
2022-09-12 19:03:24,907:INFO:plot_model(fold=None, use_train_data=False, verbose=True, is_in_evaluate=False, display=None, display_format=None, estimator=PowerTransformedTargetRegressor(border_count=254, loss_function='RMSE',
                                power_transformer_method='box-cox',
                                power_transformer_standardize=True,
                                random_state=8297,
                                regressor=<catboost.core.CatBoostRegressor object at 0x7efd4904b940>,
                                task_type='CPU', verbose=False), feature_name=None, fit_kwargs=None, groups=None, label=False, plot=residuals_interactive, plot_kwargs=None, save=False, scale=1, system=True)
2022-09-12 19:03:24,907:INFO:Checking exceptions
2022-09-12 19:03:24,908:INFO:Preparing display monitor
2022-09-12 19:03:24,917:INFO:Preloading libraries
2022-09-12 19:03:24,919:INFO:Copying training dataset
2022-09-12 19:03:24,920:INFO:Copying test dataset
2022-09-12 19:03:24,921:INFO:Plot type: residuals_interactive
2022-09-12 19:03:24,937:INFO:Calculated model residuals
2022-09-12 19:03:26,425:INFO:Calculated Tunkey-Anscombe Plot
2022-09-12 19:03:27,053:INFO:Calculated Normal QQ Plot
2022-09-12 19:03:28,513:INFO:Calculated Scale-Location Plot
2022-09-12 19:03:28,875:INFO:Calculated Residual vs Leverage Plot inc. Cook's distance
2022-09-12 19:03:28,949:INFO:Visual Rendered Successfully
2022-09-12 19:03:29,142:INFO:plot_model() succesfully completed......................................
2022-09-12 19:03:39,616:INFO:Initializing plot_model()
2022-09-12 19:03:39,617:INFO:plot_model(fold=None, use_train_data=False, verbose=True, is_in_evaluate=False, display=None, display_format=None, estimator=PowerTransformedTargetRegressor(border_count=254, loss_function='RMSE',
                                power_transformer_method='box-cox',
                                power_transformer_standardize=True,
                                random_state=8297,
                                regressor=<catboost.core.CatBoostRegressor object at 0x7efd4904b940>,
                                task_type='CPU', verbose=False), feature_name=None, fit_kwargs=None, groups=None, label=False, plot=residuals, plot_kwargs=None, save=False, scale=0.8, system=True)
2022-09-12 19:03:39,617:INFO:Checking exceptions
2022-09-12 19:03:39,618:INFO:Preparing display monitor
2022-09-12 19:03:39,626:INFO:Preloading libraries
2022-09-12 19:03:39,630:INFO:Copying training dataset
2022-09-12 19:03:39,631:INFO:Copying test dataset
2022-09-12 19:03:39,631:INFO:Plot type: residuals
2022-09-12 19:03:39,678:INFO:Fitting Model
2022-09-12 19:03:39,727:INFO:Scoring test/hold-out set
2022-09-12 19:03:40,295:INFO:Visual Rendered Successfully
2022-09-12 19:03:40,492:INFO:plot_model() succesfully completed......................................
2022-09-12 19:04:30,120:INFO:Initializing finalize_model()
2022-09-12 19:04:30,120:INFO:finalize_model(estimator=PowerTransformedTargetRegressor(border_count=254, loss_function='RMSE',
                                power_transformer_method='box-cox',
                                power_transformer_standardize=True,
                                random_state=8297,
                                regressor=<catboost.core.CatBoostRegressor object at 0x7efd4904b940>,
                                task_type='CPU', verbose=False), fit_kwargs=None, groups=None, model_only=True, display=None, experiment_custom_tags=None, return_train_score=False)
2022-09-12 19:04:30,121:INFO:Finalizing PowerTransformedTargetRegressor(border_count=254, loss_function='RMSE',
                                power_transformer_method='box-cox',
                                power_transformer_standardize=True,
                                random_state=8297,
                                regressor=<catboost.core.CatBoostRegressor object at 0x7efd4904b940>,
                                task_type='CPU', verbose=False)
2022-09-12 19:04:30,121:INFO:Initializing create_model()
2022-09-12 19:04:30,122:INFO:create_model(estimator=PowerTransformedTargetRegressor(border_count=254, loss_function='RMSE',
                                power_transformer_method='box-cox',
                                power_transformer_standardize=True,
                                random_state=8297,
                                regressor=<catboost.core.CatBoostRegressor object at 0x7efd4904b940>,
                                task_type='CPU', verbose=False), fold=None, round=4, cross_validation=True, predict=True, fit_kwargs={}, groups=None, refit=True, verbose=False, system=False, metrics=None, experiment_custom_tags=None, add_to_model_list=False, probability_threshold=None, display=None, return_train_score=False, kwargs={})
2022-09-12 19:04:30,122:INFO:Checking exceptions
2022-09-12 19:04:30,122:INFO:Importing libraries
2022-09-12 19:04:30,122:INFO:Copying training dataset
2022-09-12 19:04:30,123:INFO:Defining folds
2022-09-12 19:04:30,123:INFO:Declaring metric variables
2022-09-12 19:04:30,123:INFO:Importing untrained model
2022-09-12 19:04:30,124:INFO:Declaring custom model
2022-09-12 19:04:30,124:INFO:CatBoost Regressor Imported succesfully
2022-09-12 19:04:30,124:INFO:Starting cross validation
2022-09-12 19:04:30,125:INFO:Cross validating with KFold(n_splits=10, random_state=None, shuffle=False), n_jobs=-1
2022-09-12 19:04:41,553:INFO:Calculating mean and std
2022-09-12 19:04:41,554:INFO:Creating metrics dataframe
2022-09-12 19:04:41,558:INFO:Finalizing model
2022-09-12 19:04:42,641:INFO:create_model_container: 19
2022-09-12 19:04:42,641:INFO:master_model_container: 19
2022-09-12 19:04:42,641:INFO:display_container: 3
2022-09-12 19:04:42,641:INFO:PowerTransformedTargetRegressor(border_count=254, loss_function='RMSE',
                                power_transformer_method='box-cox',
                                power_transformer_standardize=True,
                                random_state=8297,
                                regressor=<catboost.core.CatBoostRegressor object at 0x7efd33b6cb20>,
                                task_type='CPU', verbose=False)
2022-09-12 19:04:42,641:INFO:create_model() succesfully completed......................................
2022-09-12 19:04:42,862:INFO:Creating Dashboard logs
2022-09-12 19:04:42,862:INFO:Model: CatBoost Regressor
2022-09-12 19:04:42,872:INFO:logged params: {'nan_mode': 'Min', 'eval_metric': 'RMSE', 'iterations': 1000, 'sampling_frequency': 'PerTree', 'leaf_estimation_method': 'Newton', 'grow_policy': 'SymmetricTree', 'penalties_coefficient': 1, 'boosting_type': 'Plain', 'model_shrink_mode': 'Constant', 'feature_border_type': 'GreedyLogSum', 'bayesian_matrix_reg': 0.10000000149011612, 'force_unit_auto_pair_weights': False, 'l2_leaf_reg': 3, 'random_strength': 1, 'rsm': 1, 'boost_from_average': True, 'model_size_reg': 0.5, 'pool_metainfo_options': {'tags': {}}, 'subsample': 0.800000011920929, 'use_best_model': False, 'random_seed': 8297, 'depth': 6, 'posterior_sampling': False, 'border_count': 254, 'classes_count': 0, 'auto_class_weights': 'None', 'sparse_features_conflict_fraction': 0, 'leaf_estimation_backtracking': 'AnyImprovement', 'best_model_min_trees': 1, 'model_shrink_rate': 0, 'min_data_in_leaf': 1, 'loss_function': 'RMSE', 'learning_rate': 0.05434099957346916, 'score_function': 'Cosine', 'task_type': 'CPU', 'leaf_estimation_iterations': 1, 'bootstrap_type': 'MVS', 'max_leaves': 64}
2022-09-12 19:04:42,889:INFO:Initializing predict_model()
2022-09-12 19:04:42,889:INFO:predict_model(estimator=PowerTransformedTargetRegressor(border_count=254, loss_function='RMSE',
                                power_transformer_method='box-cox',
                                power_transformer_standardize=True,
                                random_state=8297,
                                regressor=<catboost.core.CatBoostRegressor object at 0x7efd33b6cb20>,
                                task_type='CPU', verbose=False), probability_threshold=None, encoded_labels=False, drift_report=False, raw_score=False, round=4, verbose=False, ml_usecase=None, display=None, drift_kwargs=None)
2022-09-12 19:04:42,889:INFO:Checking exceptions
2022-09-12 19:04:42,889:INFO:Preloading libraries
2022-09-12 19:04:43,309:INFO:create_model_container: 19
2022-09-12 19:04:43,310:INFO:master_model_container: 19
2022-09-12 19:04:43,310:INFO:display_container: 2
2022-09-12 19:04:43,310:INFO:PowerTransformedTargetRegressor(border_count=254, loss_function='RMSE',
                                power_transformer_method='box-cox',
                                power_transformer_standardize=True,
                                random_state=8297,
                                regressor=<catboost.core.CatBoostRegressor object at 0x7efd33b6cb20>,
                                task_type='CPU', verbose=False)
2022-09-12 19:04:43,310:INFO:finalize_model() succesfully completed......................................
2022-09-12 19:04:43,508:INFO:Initializing save_model()
2022-09-12 19:04:43,508:INFO:save_model(model=PowerTransformedTargetRegressor(border_count=254, loss_function='RMSE',
                                power_transformer_method='box-cox',
                                power_transformer_standardize=True,
                                random_state=8297,
                                regressor=<catboost.core.CatBoostRegressor object at 0x7efd33b6cb20>,
                                task_type='CPU', verbose=False), model_name=model_pipeline, prep_pipe_=Pipeline(memory=None,
         steps=[('dtypes',
                 DataTypes_Auto_infer(categorical_features=[],
                                      display_types=True, features_todrop=[],
                                      id_columns=[], ml_usecase='regression',
                                      numerical_features=[], target='Price',
                                      time_features=[])),
                ('imputer',
                 Simple_Imputer(categorical_strategy='not_available',
                                fill_value_categorical=None,
                                fill_value_numerical=None,
                                numeric_strategy='...
                ('scaling', 'passthrough'), ('P_transform', 'passthrough'),
                ('binn', 'passthrough'), ('rem_outliers', 'passthrough'),
                ('cluster_all', 'passthrough'),
                ('dummy', Dummify(target='Price')),
                ('fix_perfect', Remove_100(target='Price')),
                ('clean_names', Clean_Colum_Names()),
                ('feature_select', 'passthrough'), ('fix_multi', 'passthrough'),
                ('dfs', 'passthrough'), ('pca', 'passthrough')],
         verbose=False), verbose=True, kwargs={})
2022-09-12 19:04:43,508:INFO:Adding model into prep_pipe
2022-09-12 19:04:43,519:INFO:model_pipeline.pkl saved in current working directory
2022-09-12 19:04:43,525:INFO:Pipeline(memory=None,
         steps=[('dtypes',
                 DataTypes_Auto_infer(categorical_features=[],
                                      display_types=True, features_todrop=[],
                                      id_columns=[], ml_usecase='regression',
                                      numerical_features=[], target='Price',
                                      time_features=[])),
                ('imputer',
                 Simple_Imputer(categorical_strategy='not_available',
                                fill_value_categorical=None,
                                fill_value_numerical=None,
                                numeric_strategy='...
                ('feature_select', 'passthrough'), ('fix_multi', 'passthrough'),
                ('dfs', 'passthrough'), ('pca', 'passthrough'),
                ['trained_model',
                 PowerTransformedTargetRegressor(border_count=254,
                                                 loss_function='RMSE',
                                                 power_transformer_method='box-cox',
                                                 power_transformer_standardize=True,
                                                 random_state=8297,
                                                 regressor=<catboost.core.CatBoostRegressor object at 0x7efd33b6cb20>,
                                                 task_type='CPU',
                                                 verbose=False)]],
         verbose=False)
2022-09-12 19:04:43,525:INFO:save_model() successfully completed......................................
2022-09-12 19:05:23,437:INFO:Initializing finalize_model()
2022-09-12 19:05:23,437:INFO:finalize_model(estimator=PowerTransformedTargetRegressor(border_count=254, loss_function='RMSE',
                                power_transformer_method='box-cox',
                                power_transformer_standardize=True,
                                random_state=8297,
                                regressor=<catboost.core.CatBoostRegressor object at 0x7efd4904b940>,
                                task_type='CPU', verbose=False), fit_kwargs=None, groups=None, model_only=True, display=None, experiment_custom_tags=None, return_train_score=False)
2022-09-12 19:05:23,438:INFO:Finalizing PowerTransformedTargetRegressor(border_count=254, loss_function='RMSE',
                                power_transformer_method='box-cox',
                                power_transformer_standardize=True,
                                random_state=8297,
                                regressor=<catboost.core.CatBoostRegressor object at 0x7efd4904b940>,
                                task_type='CPU', verbose=False)
2022-09-12 19:05:23,438:INFO:Initializing create_model()
2022-09-12 19:05:23,438:INFO:create_model(estimator=PowerTransformedTargetRegressor(border_count=254, loss_function='RMSE',
                                power_transformer_method='box-cox',
                                power_transformer_standardize=True,
                                random_state=8297,
                                regressor=<catboost.core.CatBoostRegressor object at 0x7efd4904b940>,
                                task_type='CPU', verbose=False), fold=None, round=4, cross_validation=True, predict=True, fit_kwargs={}, groups=None, refit=True, verbose=False, system=False, metrics=None, experiment_custom_tags=None, add_to_model_list=False, probability_threshold=None, display=None, return_train_score=False, kwargs={})
2022-09-12 19:05:23,439:INFO:Checking exceptions
2022-09-12 19:05:23,439:INFO:Importing libraries
2022-09-12 19:05:23,439:INFO:Copying training dataset
2022-09-12 19:05:23,441:INFO:Defining folds
2022-09-12 19:05:23,441:INFO:Declaring metric variables
2022-09-12 19:05:23,441:INFO:Importing untrained model
2022-09-12 19:05:23,441:INFO:Declaring custom model
2022-09-12 19:05:23,441:INFO:CatBoost Regressor Imported succesfully
2022-09-12 19:05:23,442:INFO:Starting cross validation
2022-09-12 19:05:23,442:INFO:Cross validating with KFold(n_splits=10, random_state=None, shuffle=False), n_jobs=-1
2022-09-12 19:05:32,446:INFO:Calculating mean and std
2022-09-12 19:05:32,446:INFO:Creating metrics dataframe
2022-09-12 19:05:32,449:INFO:Finalizing model
2022-09-12 19:05:33,565:INFO:create_model_container: 19
2022-09-12 19:05:33,565:INFO:master_model_container: 19
2022-09-12 19:05:33,565:INFO:display_container: 3
2022-09-12 19:05:33,566:INFO:PowerTransformedTargetRegressor(border_count=254, loss_function='RMSE',
                                power_transformer_method='box-cox',
                                power_transformer_standardize=True,
                                random_state=8297,
                                regressor=<catboost.core.CatBoostRegressor object at 0x7efd34280a90>,
                                task_type='CPU', verbose=False)
2022-09-12 19:05:33,566:INFO:create_model() succesfully completed......................................
2022-09-12 19:05:33,763:INFO:Creating Dashboard logs
2022-09-12 19:05:33,763:INFO:Model: CatBoost Regressor
2022-09-12 19:05:33,773:INFO:logged params: {'nan_mode': 'Min', 'eval_metric': 'RMSE', 'iterations': 1000, 'sampling_frequency': 'PerTree', 'leaf_estimation_method': 'Newton', 'grow_policy': 'SymmetricTree', 'penalties_coefficient': 1, 'boosting_type': 'Plain', 'model_shrink_mode': 'Constant', 'feature_border_type': 'GreedyLogSum', 'bayesian_matrix_reg': 0.10000000149011612, 'force_unit_auto_pair_weights': False, 'l2_leaf_reg': 3, 'random_strength': 1, 'rsm': 1, 'boost_from_average': True, 'model_size_reg': 0.5, 'pool_metainfo_options': {'tags': {}}, 'subsample': 0.800000011920929, 'use_best_model': False, 'random_seed': 8297, 'depth': 6, 'posterior_sampling': False, 'border_count': 254, 'classes_count': 0, 'auto_class_weights': 'None', 'sparse_features_conflict_fraction': 0, 'leaf_estimation_backtracking': 'AnyImprovement', 'best_model_min_trees': 1, 'model_shrink_rate': 0, 'min_data_in_leaf': 1, 'loss_function': 'RMSE', 'learning_rate': 0.05434099957346916, 'score_function': 'Cosine', 'task_type': 'CPU', 'leaf_estimation_iterations': 1, 'bootstrap_type': 'MVS', 'max_leaves': 64}
2022-09-12 19:05:33,790:INFO:Initializing predict_model()
2022-09-12 19:05:33,790:INFO:predict_model(estimator=PowerTransformedTargetRegressor(border_count=254, loss_function='RMSE',
                                power_transformer_method='box-cox',
                                power_transformer_standardize=True,
                                random_state=8297,
                                regressor=<catboost.core.CatBoostRegressor object at 0x7efd34280a90>,
                                task_type='CPU', verbose=False), probability_threshold=None, encoded_labels=False, drift_report=False, raw_score=False, round=4, verbose=False, ml_usecase=None, display=None, drift_kwargs=None)
2022-09-12 19:05:33,791:INFO:Checking exceptions
2022-09-12 19:05:33,791:INFO:Preloading libraries
2022-09-12 19:05:34,213:INFO:create_model_container: 19
2022-09-12 19:05:34,213:INFO:master_model_container: 19
2022-09-12 19:05:34,213:INFO:display_container: 2
2022-09-12 19:05:34,213:INFO:PowerTransformedTargetRegressor(border_count=254, loss_function='RMSE',
                                power_transformer_method='box-cox',
                                power_transformer_standardize=True,
                                random_state=8297,
                                regressor=<catboost.core.CatBoostRegressor object at 0x7efd34280a90>,
                                task_type='CPU', verbose=False)
2022-09-12 19:05:34,213:INFO:finalize_model() succesfully completed......................................
2022-09-12 19:05:34,413:INFO:Initializing save_model()
2022-09-12 19:05:34,413:INFO:save_model(model=PowerTransformedTargetRegressor(border_count=254, loss_function='RMSE',
                                power_transformer_method='box-cox',
                                power_transformer_standardize=True,
                                random_state=8297,
                                regressor=<catboost.core.CatBoostRegressor object at 0x7efd34280a90>,
                                task_type='CPU', verbose=False), model_name=model_pipeline_final, prep_pipe_=Pipeline(memory=None,
         steps=[('dtypes',
                 DataTypes_Auto_infer(categorical_features=[],
                                      display_types=True, features_todrop=[],
                                      id_columns=[], ml_usecase='regression',
                                      numerical_features=[], target='Price',
                                      time_features=[])),
                ('imputer',
                 Simple_Imputer(categorical_strategy='not_available',
                                fill_value_categorical=None,
                                fill_value_numerical=None,
                                numeric_strategy='...
                ('scaling', 'passthrough'), ('P_transform', 'passthrough'),
                ('binn', 'passthrough'), ('rem_outliers', 'passthrough'),
                ('cluster_all', 'passthrough'),
                ('dummy', Dummify(target='Price')),
                ('fix_perfect', Remove_100(target='Price')),
                ('clean_names', Clean_Colum_Names()),
                ('feature_select', 'passthrough'), ('fix_multi', 'passthrough'),
                ('dfs', 'passthrough'), ('pca', 'passthrough')],
         verbose=False), verbose=True, kwargs={})
2022-09-12 19:05:34,413:INFO:Adding model into prep_pipe
2022-09-12 19:05:34,424:INFO:model_pipeline_final.pkl saved in current working directory
2022-09-12 19:05:34,429:INFO:Pipeline(memory=None,
         steps=[('dtypes',
                 DataTypes_Auto_infer(categorical_features=[],
                                      display_types=True, features_todrop=[],
                                      id_columns=[], ml_usecase='regression',
                                      numerical_features=[], target='Price',
                                      time_features=[])),
                ('imputer',
                 Simple_Imputer(categorical_strategy='not_available',
                                fill_value_categorical=None,
                                fill_value_numerical=None,
                                numeric_strategy='...
                ('feature_select', 'passthrough'), ('fix_multi', 'passthrough'),
                ('dfs', 'passthrough'), ('pca', 'passthrough'),
                ['trained_model',
                 PowerTransformedTargetRegressor(border_count=254,
                                                 loss_function='RMSE',
                                                 power_transformer_method='box-cox',
                                                 power_transformer_standardize=True,
                                                 random_state=8297,
                                                 regressor=<catboost.core.CatBoostRegressor object at 0x7efd34280a90>,
                                                 task_type='CPU',
                                                 verbose=False)]],
         verbose=False)
2022-09-12 19:05:34,429:INFO:save_model() successfully completed......................................
